Virtuoso Framework License (111) was checked out successfully. Total checkout time was 0.02s.
INFO (DB-120008): oaSocket connection timeout value was set to 2 seconds.

Running simulation in directory: "/home/saul/projects/KISTA/lvs_runs/".

*WARNING* The directory: '/home/saul/projects/KISTA/KISTA' does not exist
	but was defined in libFile '/home/saul/projects/KISTA/cds.lib' for Lib 'KISTA'.
*WARNING* The directory: '/home/saul/projects/KISTA/KISTA' does not exist
	but was defined in libFile '/home/saul/projects/KISTA/cds.lib' for Lib 'KISTA'.
INFO (TECH-150003): The technology database "basic" has been automatically
updated from revision 226610(DM 0) to revision 227612(DM 3) in virtual memory.
Running Artist Hierarchical Netlisting ...
KISTA libInit.il file is loaded
initializing MOS callbacks
End netlisting Dec 20 07:11:51 2021

Running simin

Running runSim()...


Running runsim with simulator: "auCdl"
Begin simulation:    Dec 20 07:11:51 2021

auCdl netlisting completed
End simulation:      Dec 20 07:11:51 2021
INFO (AUCDL-21): (Analog) CDL netlisting completed successfully.