@(#)$CDS: conn2sch version 6.1.8-64b 10/08/2019 19:40 (cpgbld01) $  Thu Dec 16 12:54:56 2021

WARNING (CONN2SCH-135): Signal 'VSS!#1' terminates with '!' but is not defined as global in the cellview
'KISTA_SOI_STDLIB DFFSRX1 netlist_tmp'. This signal would be marked global by the schematic extractor.
WARNING (CONN2SCH-135): Signal 'VSS!#12' terminates with '!' but is not defined as global in the cellview
'KISTA_SOI_STDLIB DFFSRX1 netlist_tmp'. This signal would be marked global by the schematic extractor.
WARNING (CONN2SCH-135): Signal 'VSS!#13' terminates with '!' but is not defined as global in the cellview
'KISTA_SOI_STDLIB DFFSRX1 netlist_tmp'. This signal would be marked global by the schematic extractor.
WARNING (CONN2SCH-135): Signal 'VSS!#14' terminates with '!' but is not defined as global in the cellview
'KISTA_SOI_STDLIB DFFSRX1 netlist_tmp'. This signal would be marked global by the schematic extractor.
WARNING (CONN2SCH-135): Signal 'VSS!#15' terminates with '!' but is not defined as global in the cellview
'KISTA_SOI_STDLIB DFFSRX1 netlist_tmp'. This signal would be marked global by the schematic extractor.
WARNING (CONN2SCH-135): Signal 'VSS!#16' terminates with '!' but is not defined as global in the cellview
'KISTA_SOI_STDLIB DFFSRX1 netlist_tmp'. This signal would be marked global by the schematic extractor.
WARNING (CONN2SCH-135): Signal 'VSS!#17' terminates with '!' but is not defined as global in the cellview
'KISTA_SOI_STDLIB DFFSRX1 netlist_tmp'. This signal would be marked global by the schematic extractor.
WARNING (CONN2SCH-135): Signal 'VSS!#18' terminates with '!' but is not defined as global in the cellview
'KISTA_SOI_STDLIB DFFSRX1 netlist_tmp'. This signal would be marked global by the schematic extractor.
WARNING (CONN2SCH-135): Signal 'VSS!#19' terminates with '!' but is not defined as global in the cellview
'KISTA_SOI_STDLIB DFFSRX1 netlist_tmp'. This signal would be marked global by the schematic extractor.
WARNING (CONN2SCH-135): Signal 'VSS!#20' terminates with '!' but is not defined as global in the cellview
'KISTA_SOI_STDLIB DFFSRX1 netlist_tmp'. This signal would be marked global by the schematic extractor.
WARNING (CONN2SCH-135): Signal 'VSS!#11' terminates with '!' but is not defined as global in the cellview
'KISTA_SOI_STDLIB DFFSRX1 netlist_tmp'. This signal would be marked global by the schematic extractor.
WARNING (CONN2SCH-135): Signal 'VDD!#1' terminates with '!' but is not defined as global in the cellview
'KISTA_SOI_STDLIB DFFSRX1 netlist_tmp'. This signal would be marked global by the schematic extractor.
WARNING (CONN2SCH-135): Signal 'VDD!#14' terminates with '!' but is not defined as global in the cellview
'KISTA_SOI_STDLIB DFFSRX1 netlist_tmp'. This signal would be marked global by the schematic extractor.
WARNING (CONN2SCH-135): Signal 'VDD!#15' terminates with '!' but is not defined as global in the cellview
'KISTA_SOI_STDLIB DFFSRX1 netlist_tmp'. This signal would be marked global by the schematic extractor.
WARNING (CONN2SCH-135): Signal 'VDD!#16' terminates with '!' but is not defined as global in the cellview
'KISTA_SOI_STDLIB DFFSRX1 netlist_tmp'. This signal would be marked global by the schematic extractor.
WARNING (CONN2SCH-135): Signal 'VDD!#17' terminates with '!' but is not defined as global in the cellview
'KISTA_SOI_STDLIB DFFSRX1 netlist_tmp'. This signal would be marked global by the schematic extractor.
WARNING (CONN2SCH-135): Signal 'VDD!#18' terminates with '!' but is not defined as global in the cellview
'KISTA_SOI_STDLIB DFFSRX1 netlist_tmp'. This signal would be marked global by the schematic extractor.
WARNING (CONN2SCH-135): Signal 'VDD!#19' terminates with '!' but is not defined as global in the cellview
'KISTA_SOI_STDLIB DFFSRX1 netlist_tmp'. This signal would be marked global by the schematic extractor.
WARNING (CONN2SCH-135): Signal 'VDD!#20' terminates with '!' but is not defined as global in the cellview
'KISTA_SOI_STDLIB DFFSRX1 netlist_tmp'. This signal would be marked global by the schematic extractor.
WARNING (CONN2SCH-135): Signal 'VDD!#21' terminates with '!' but is not defined as global in the cellview
'KISTA_SOI_STDLIB DFFSRX1 netlist_tmp'. This signal would be marked global by the schematic extractor.
WARNING (CONN2SCH-135): Signal 'VDD!#22' terminates with '!' but is not defined as global in the cellview
'KISTA_SOI_STDLIB DFFSRX1 netlist_tmp'. This signal would be marked global by the schematic extractor.
WARNING (CONN2SCH-135): Signal 'VDD!#23' terminates with '!' but is not defined as global in the cellview
'KISTA_SOI_STDLIB DFFSRX1 netlist_tmp'. This signal would be marked global by the schematic extractor.
WARNING (CONN2SCH-135): Signal 'VDD!#24' terminates with '!' but is not defined as global in the cellview
'KISTA_SOI_STDLIB DFFSRX1 netlist_tmp'. This signal would be marked global by the schematic extractor.
WARNING (CONN2SCH-135): Signal 'VDD!#13' terminates with '!' but is not defined as global in the cellview
'KISTA_SOI_STDLIB DFFSRX1 netlist_tmp'. This signal would be marked global by the schematic extractor.
WARNING (CONN2SCH-135): Signal 'VDD!#3' terminates with '!' but is not defined as global in the cellview
'KISTA_SOI_STDLIB DFFSRX1 netlist_tmp'. This signal would be marked global by the schematic extractor.
WARNING (CONN2SCH-135): Signal 'VDD!#5' terminates with '!' but is not defined as global in the cellview
'KISTA_SOI_STDLIB DFFSRX1 netlist_tmp'. This signal would be marked global by the schematic extractor.
WARNING (CONN2SCH-135): Signal 'VDD!#7' terminates with '!' but is not defined as global in the cellview
'KISTA_SOI_STDLIB DFFSRX1 netlist_tmp'. This signal would be marked global by the schematic extractor.
WARNING (CONN2SCH-135): Signal 'VDD!#9' terminates with '!' but is not defined as global in the cellview
'KISTA_SOI_STDLIB DFFSRX1 netlist_tmp'. This signal would be marked global by the schematic extractor.
WARNING (CONN2SCH-135): Signal 'VDD!#11' terminates with '!' but is not defined as global in the cellview
'KISTA_SOI_STDLIB DFFSRX1 netlist_tmp'. This signal would be marked global by the schematic extractor.
WARNING (CONN2SCH-135): Signal 'VSS!#3' terminates with '!' but is not defined as global in the cellview
'KISTA_SOI_STDLIB DFFSRX1 netlist_tmp'. This signal would be marked global by the schematic extractor.
WARNING (CONN2SCH-135): Signal 'VSS!#5' terminates with '!' but is not defined as global in the cellview
'KISTA_SOI_STDLIB DFFSRX1 netlist_tmp'. This signal would be marked global by the schematic extractor.
WARNING (CONN2SCH-135): Signal 'VSS!#7' terminates with '!' but is not defined as global in the cellview
'KISTA_SOI_STDLIB DFFSRX1 netlist_tmp'. This signal would be marked global by the schematic extractor.
INFO (CONN2SCH-372): Checked-in schematic DFFSRX1.
INFO (CONN2SCH-206): End of Logfile.
