@(#)$CDS: conn2sch version 6.1.8-64b 10/08/2019 19:40 (cpgbld01) $  Thu Dec  2 07:52:40 2021

WARNING (CONN2SCH-135): Signal 'VSS!#1' terminates with '!' but is not defined as global in the cellview
'KISTA_SOI_STDLIB DFFX1 netlist_tmp'. This signal would be marked global by the schematic extractor.
WARNING (CONN2SCH-135): Signal 'VSS!#11' terminates with '!' but is not defined as global in the cellview
'KISTA_SOI_STDLIB DFFX1 netlist_tmp'. This signal would be marked global by the schematic extractor.
WARNING (CONN2SCH-135): Signal 'VSS!#12' terminates with '!' but is not defined as global in the cellview
'KISTA_SOI_STDLIB DFFX1 netlist_tmp'. This signal would be marked global by the schematic extractor.
WARNING (CONN2SCH-135): Signal 'VSS!#13' terminates with '!' but is not defined as global in the cellview
'KISTA_SOI_STDLIB DFFX1 netlist_tmp'. This signal would be marked global by the schematic extractor.
WARNING (CONN2SCH-135): Signal 'VSS!#14' terminates with '!' but is not defined as global in the cellview
'KISTA_SOI_STDLIB DFFX1 netlist_tmp'. This signal would be marked global by the schematic extractor.
WARNING (CONN2SCH-135): Signal 'VSS!#15' terminates with '!' but is not defined as global in the cellview
'KISTA_SOI_STDLIB DFFX1 netlist_tmp'. This signal would be marked global by the schematic extractor.
WARNING (CONN2SCH-135): Signal 'VSS!#16' terminates with '!' but is not defined as global in the cellview
'KISTA_SOI_STDLIB DFFX1 netlist_tmp'. This signal would be marked global by the schematic extractor.
WARNING (CONN2SCH-135): Signal 'VSS!#17' terminates with '!' but is not defined as global in the cellview
'KISTA_SOI_STDLIB DFFX1 netlist_tmp'. This signal would be marked global by the schematic extractor.
WARNING (CONN2SCH-135): Signal 'VSS!#18' terminates with '!' but is not defined as global in the cellview
'KISTA_SOI_STDLIB DFFX1 netlist_tmp'. This signal would be marked global by the schematic extractor.
WARNING (CONN2SCH-135): Signal 'VSS!#10' terminates with '!' but is not defined as global in the cellview
'KISTA_SOI_STDLIB DFFX1 netlist_tmp'. This signal would be marked global by the schematic extractor.
WARNING (CONN2SCH-135): Signal 'VDD!#1' terminates with '!' but is not defined as global in the cellview
'KISTA_SOI_STDLIB DFFX1 netlist_tmp'. This signal would be marked global by the schematic extractor.
WARNING (CONN2SCH-135): Signal 'VDD!#11' terminates with '!' but is not defined as global in the cellview
'KISTA_SOI_STDLIB DFFX1 netlist_tmp'. This signal would be marked global by the schematic extractor.
WARNING (CONN2SCH-135): Signal 'VDD!#12' terminates with '!' but is not defined as global in the cellview
'KISTA_SOI_STDLIB DFFX1 netlist_tmp'. This signal would be marked global by the schematic extractor.
WARNING (CONN2SCH-135): Signal 'VDD!#13' terminates with '!' but is not defined as global in the cellview
'KISTA_SOI_STDLIB DFFX1 netlist_tmp'. This signal would be marked global by the schematic extractor.
WARNING (CONN2SCH-135): Signal 'VDD!#14' terminates with '!' but is not defined as global in the cellview
'KISTA_SOI_STDLIB DFFX1 netlist_tmp'. This signal would be marked global by the schematic extractor.
WARNING (CONN2SCH-135): Signal 'VDD!#15' terminates with '!' but is not defined as global in the cellview
'KISTA_SOI_STDLIB DFFX1 netlist_tmp'. This signal would be marked global by the schematic extractor.
WARNING (CONN2SCH-135): Signal 'VDD!#16' terminates with '!' but is not defined as global in the cellview
'KISTA_SOI_STDLIB DFFX1 netlist_tmp'. This signal would be marked global by the schematic extractor.
WARNING (CONN2SCH-135): Signal 'VDD!#17' terminates with '!' but is not defined as global in the cellview
'KISTA_SOI_STDLIB DFFX1 netlist_tmp'. This signal would be marked global by the schematic extractor.
WARNING (CONN2SCH-135): Signal 'VDD!#18' terminates with '!' but is not defined as global in the cellview
'KISTA_SOI_STDLIB DFFX1 netlist_tmp'. This signal would be marked global by the schematic extractor.
WARNING (CONN2SCH-135): Signal 'VDD!#10' terminates with '!' but is not defined as global in the cellview
'KISTA_SOI_STDLIB DFFX1 netlist_tmp'. This signal would be marked global by the schematic extractor.
WARNING (CONN2SCH-135): Signal 'VSS!#3' terminates with '!' but is not defined as global in the cellview
'KISTA_SOI_STDLIB DFFX1 netlist_tmp'. This signal would be marked global by the schematic extractor.
WARNING (CONN2SCH-135): Signal 'VSS!#5' terminates with '!' but is not defined as global in the cellview
'KISTA_SOI_STDLIB DFFX1 netlist_tmp'. This signal would be marked global by the schematic extractor.
WARNING (CONN2SCH-135): Signal 'VSS!#6' terminates with '!' but is not defined as global in the cellview
'KISTA_SOI_STDLIB DFFX1 netlist_tmp'. This signal would be marked global by the schematic extractor.
WARNING (CONN2SCH-135): Signal 'VSS!#8' terminates with '!' but is not defined as global in the cellview
'KISTA_SOI_STDLIB DFFX1 netlist_tmp'. This signal would be marked global by the schematic extractor.
WARNING (CONN2SCH-135): Signal 'VDD!#2' terminates with '!' but is not defined as global in the cellview
'KISTA_SOI_STDLIB DFFX1 netlist_tmp'. This signal would be marked global by the schematic extractor.
WARNING (CONN2SCH-135): Signal 'VDD!#4' terminates with '!' but is not defined as global in the cellview
'KISTA_SOI_STDLIB DFFX1 netlist_tmp'. This signal would be marked global by the schematic extractor.
WARNING (CONN2SCH-135): Signal 'VDD!#6' terminates with '!' but is not defined as global in the cellview
'KISTA_SOI_STDLIB DFFX1 netlist_tmp'. This signal would be marked global by the schematic extractor.
WARNING (CONN2SCH-135): Signal 'VDD!#8' terminates with '!' but is not defined as global in the cellview
'KISTA_SOI_STDLIB DFFX1 netlist_tmp'. This signal would be marked global by the schematic extractor.
INFO (CONN2SCH-372): Checked-in schematic DFFX1.
INFO (CONN2SCH-206): End of Logfile.
