\o Program:		@(#)$CDS: libManager version 6.1.8 - CAT37 09/03/2019 21:35 (ip-172-18-22-89) $
\o Sub version:		sub-version  s061 
\o Arguments:		-unmapped -mpssession virtuoso6202 -mpshost s2424 
\o Working Directory:	s2424:/home/saul/projects/KISTA
\o 64-bit offsets
\o Qt version: 		5.9.1
\o changeWorkingDir("/home/saul/projects/KISTA") unnecessary.
\o ddSetForcedLib("") unnecessary.
\o Log file is "/home/saul/projects/KISTA/libManager.log".
\o Opening libManager window.
\a nrSetWindowVisibility(cdsLibManager "show")
\o MPS service: map window
\o Library Manager customization server connected.
\a nrSetCurrentWindow(cdsLibManager)
\w Warning: The directory: '/home/saul/projects/KISTA/KISTA' does not exist
\w 	but was defined in libFile '/home/saul/projects/KISTA/cds.lib' for Lib 'KISTA'.
\a nrResizeWindow(cdsLibManager list(866 68 947 674))
\a cdsLibManager->libListBox->value = "KISTA_SOI_STDLIB"
\a cdsLibManager->libLineEdit->value = "KISTA_SOI_STDLIB"
\a cdsLibManager->cellListBox->value = "AOI21X1"
\a cdsLibManager->cellLineEdit->value = "AOI21X1"
\a cdsLibManager->viewListBox->value = "layout"
\a cdsLibManager->viewLineEdit->value = "layout"
\a lmgrLogShowPopup("mainListPopup2" 51 62 2 "layout")
\a cdsLibManager->FileOpenButton->value = t
\o MPS request: edit design
\a cdsLibManager->libListBox->value = nil
\a cdsLibManager->libLineEdit->value = ""
\a cdsLibManager->cellListBox->value = nil
\a cdsLibManager->viewLineEdit->value = ""
\a cdsLibManager->viewListBox->value = nil
\a cdsLibManager->cellLineEdit->value = ""
\w Warning: The directory: '/home/saul/projects/KISTA/KISTA' does not exist
\w 	but was defined in libFile '/home/saul/projects/KISTA/cds.lib' for Lib 'KISTA'.
\a cdsLibManager->libListBox->value = "KISTA_SOI_STDLIB"
\a cdsLibManager->libLineEdit->value = "KISTA_SOI_STDLIB"
\a cdsLibManager->cellListBox->value = "AOI21X1"
\a cdsLibManager->cellLineEdit->value = "AOI21X1"
\a cdsLibManager->viewListBox->value = "layout"
\a cdsLibManager->viewLineEdit->value = "layout"
\a cdsLibManager->viewLineEdit->value = ""
\a cdsLibManager->viewListBox->value = nil
\a cdsLibManager->viewListBox->value = "layout"
\a cdsLibManager->viewLineEdit->value = "layout"
\a nrSetCurrentWindow(cdsLibManager)
\a cdsLibManager->libListBox->value = nil
\a cdsLibManager->libLineEdit->value = ""
\a cdsLibManager->cellListBox->value = nil
\a cdsLibManager->viewLineEdit->value = ""
\a cdsLibManager->viewListBox->value = nil
\a cdsLibManager->cellLineEdit->value = ""
\w Warning: The directory: '/home/saul/projects/KISTA/KISTA' does not exist
\w 	but was defined in libFile '/home/saul/projects/KISTA/cds.lib' for Lib 'KISTA'.
\a cdsLibManager->libListBox->value = "KISTA_SOI_STDLIB"
\a cdsLibManager->libLineEdit->value = "KISTA_SOI_STDLIB"
\a cdsLibManager->cellListBox->value = "AOI21X1"
\a cdsLibManager->cellLineEdit->value = "AOI21X1"
\a cdsLibManager->viewListBox->value = "layout"
\a cdsLibManager->viewLineEdit->value = "layout"
\a cdsLibManager->viewLineEdit->value = ""
\a cdsLibManager->viewListBox->value = nil
\a cdsLibManager->viewListBox->value = "layout"
\a cdsLibManager->viewLineEdit->value = "layout"
\a nrSetCurrentWindow(cdsLibManager)
\a nrSetWindowVisibility(cdsLibManager "hide")
\a nrSetWindowVisibility(cdsLibManager "show")
\a nrSetWindowVisibility(cdsLibManager "hide")
\a nrSetWindowVisibility(cdsLibManager "show")
\a nrSetWindowVisibility(cdsLibManager "hide")
\a nrSetWindowVisibility(cdsLibManager "show")
\a nrSetWindowVisibility(cdsLibManager "hide")
\a nrSetWindowVisibility(cdsLibManager "show")
\a nrSetWindowVisibility(cdsLibManager "hide")
\a nrSetWindowVisibility(cdsLibManager "show")
\a nrSetWindowVisibility(cdsLibManager "hide")
\a nrSetWindowVisibility(cdsLibManager "show")
\a nrSetWindowVisibility(cdsLibManager "hide")
\a nrSetWindowVisibility(cdsLibManager "show")
\a nrSetCurrentWindow(cdsLibManager)
\a cdsLibManager->cellListBox->value = "OAI21X1"
\a cdsLibManager->cellLineEdit->value = "OAI21X1"
\a cdsLibManager->viewLineEdit->value = ""
\a cdsLibManager->viewListBox->value = nil
\a cdsLibManager->viewListBox->value = "layout"
\a cdsLibManager->viewLineEdit->value = "layout"
\a lmgrLogShowPopup("mainListPopup2" 40 59 2 "layout")
\a cdsLibManager->FileOpenButton->value = t
\o MPS request: edit design
\a nrSetCurrentWindow(cdsLibManager)
\a nrSetWindowVisibility(cdsLibManager "hide")
\a nrSetWindowVisibility(cdsLibManager "show")
\a nrSetCurrentWindow(cdsLibManager)
\a nrSetWindowVisibility(cdsLibManager "hide")
\a nrSetWindowVisibility(cdsLibManager "show")
\a nrSetCurrentWindow(cdsLibManager)
\a nrSetWindowVisibility(cdsLibManager "hide")
\a nrSetWindowVisibility(cdsLibManager "show")
\a nrSetCurrentWindow(cdsLibManager)
\a nrSetWindowVisibility(cdsLibManager "hide")
\a nrSetWindowVisibility(cdsLibManager "show")
\a nrSetCurrentWindow(cdsLibManager)
\a nrSetWindowVisibility(cdsLibManager "hide")
\a nrSetWindowVisibility(cdsLibManager "show")
\a nrSetCurrentWindow(cdsLibManager)
\a cdsLibManager->cellListBox->value = "DFFSRX1"
\a cdsLibManager->cellLineEdit->value = "DFFSRX1"
\a cdsLibManager->viewLineEdit->value = ""
\a cdsLibManager->viewListBox->value = nil
\a cdsLibManager->viewListBox->value = "layout"
\a cdsLibManager->viewLineEdit->value = "layout"
\a lmgrLogShowPopup("mainListPopup2" 55 63 2 "layout")
\a cdsLibManager->copySimpleButton->value = t
\a copyViewForm->SkipLibrariesEdit->value = "*"
\a copyViewForm->SkipLibrariesEdit->value = "*"
\a copyViewForm->CopyFromLibrary->value = "KISTA_1UM"
\a copyViewForm->CopyToLibrary->value = "KISTA_1UM"
\a copyViewForm->CopyFromLibrary->value = "KISTA_SOI_STDLIB"
\a copyViewForm->CopyFromCell->value = "DFFSRX1"
\a copyViewForm->CopyFromView->value = "layout"
\a copyViewForm->CopyToLibrary->value = "KISTA_SOI_STDLIB"
\a copyViewForm->CopyToCell->value = "DFFSRX1"
\a copyViewForm->CopyToView->value = "layout"
\a copyViewForm->ViewsToCopy->value = "layout"
\a copyViewForm->SkipLibrariesEdit->value = ""
\a copyViewForm->SkipLibrariesEdit->value = "KISTA_1UM KISTA_SOI_STDLIB_TECH KISTA_SOI_TECH KISTA_TEST_AMS KISTA_TEST_ANALOG KISTA_TEST_STREAMIN US_8ths ahdlLib ambit analogLib basic cdsDefTechLib cds_amsfunctions cds_assertions cds_inhconn cds_spicelib connectLib dmsLib functional ieee ncinternal ncmodels ncutils rfExamples rfLib rfTlineLib sdilib std synopsys vital_memory xminternal xmmodels xmutils"
\a nrSetWindowVisibility(copyViewForm "show")
\a nrSetCurrentWindow(copyViewForm)
\a nrResizeWindow(copyViewForm list(1095 60 468 671))
\a copyViewForm->CopyToView->value = "layout_1"
\a nrDialogAccept(copyViewForm)
\a copyViewForm->OK->value = t
\o Beginning simple copy to library "KISTA_SOI_STDLIB".
\o Processing files to be copied...
\a nrSetWindowVisibility(workingDialogForm "show")
\a nrSetCurrentWindow(workingDialogForm)
\a nrSetCurrentWindow(cdsLibManager)
\a nrSetCurrentWindow(workingDialogForm)
\a nrResizeWindow(copyViewForm list(1095 0 468 671))
\a nrResizeWindow(workingDialogForm list(1193 329 273 133))
\o Copy succeeded.
\a cdsLibManager->libListBox->value = nil
\a cdsLibManager->libLineEdit->value = ""
\a cdsLibManager->cellListBox->value = nil
\a cdsLibManager->viewLineEdit->value = ""
\a cdsLibManager->viewListBox->value = nil
\a cdsLibManager->cellLineEdit->value = ""
\a cdsLibManager->libListBox->value = "KISTA_SOI_STDLIB"
\a cdsLibManager->libLineEdit->value = "KISTA_SOI_STDLIB"
\a cdsLibManager->cellListBox->value = "DFFSRX1"
\a cdsLibManager->cellLineEdit->value = "DFFSRX1"
\a cdsLibManager->viewListBox->value = "layout"
\a cdsLibManager->viewLineEdit->value = "layout"
\a cdsLibManager->viewLineEdit->value = ""
\a cdsLibManager->viewListBox->value = nil
\a cdsLibManager->viewListBox->value = "layout"
\a cdsLibManager->viewLineEdit->value = "layout"
\a nrSetCurrentWindow(cdsLibManager)
\a copyViewForm->SkipLibrariesEdit->value = "*"
\a nrResizeWindow(workingDialogForm list(1193 299 273 133))
\a cdsLibManager->viewListBox->value = "layout_2"
\a cdsLibManager->viewLineEdit->value = "layout_2"
\a cdsLibManager->viewListBox->value = "layout"
\a cdsLibManager->viewLineEdit->value = "layout"
\a lmgrLogShowPopup("mainListPopup2" 53 63 2 "layout")
\a cdsLibManager->editDeleteButton->value = t
\a deleteForm->deleteFilterEdit->value = "*"
\a deleteForm->notDeleteFilterEdit->value = "*"
\a nrSetWindowVisibility(deleteForm "show")
\a nrSetCurrentWindow(deleteForm)
\a nrResizeWindow(deleteForm list(1016 183 627 425))
\a deleteForm->OK->value = t
\o QUESTION (CLM-199): The following 1 items are marked for deletion.  Are you sure?
\a nrSetWindowVisibility(mcMBXDLG "show")
\a nrSetCurrentWindow(mcMBXDLG)
\a nrResizeWindow(mcMBXDLG list(1195 320 268 91))
\a mcMBXDLG->pushButton1->value = t
\o Deleting view "layout" from cell "DFFSRX1" in library "KISTA_SOI_STDLIB".
\o Deleted cellview 'KISTA_SOI_STDLIB/DFFSRX1/layout'.
\a nrSetCurrentWindow(cdsLibManager)
\o Deletion of 1 view done.
\a cdsLibManager->viewLineEdit->value = "layout_1"
\a cdsLibManager->viewListBox->value = nil
\a cdsLibManager->viewLineEdit->value = ""
\a nrResizeWindow(workingDialogForm list(1201 329 268 133))
\a cdsLibManager->libListBox->value = nil
\a cdsLibManager->libLineEdit->value = ""
\a cdsLibManager->cellListBox->value = nil
\a cdsLibManager->cellLineEdit->value = ""
\w Warning: The directory: '/home/saul/projects/KISTA/KISTA' does not exist
\w 	but was defined in libFile '/home/saul/projects/KISTA/cds.lib' for Lib 'KISTA'.
\a cdsLibManager->libListBox->value = "KISTA_SOI_STDLIB"
\a cdsLibManager->libLineEdit->value = "KISTA_SOI_STDLIB"
\a cdsLibManager->cellListBox->value = "DFFSRX1"
\a cdsLibManager->cellLineEdit->value = "DFFSRX1"
\a nrSetCurrentWindow(workingDialogForm)
\a nrSetCurrentWindow(cdsLibManager)
\a nrResizeWindow(deleteForm list(1016 123 627 425))
\a nrResizeWindow(workingDialogForm list(1201 299 268 133))
\a cdsLibManager->viewListBox->value = "layout_2"
\a cdsLibManager->viewLineEdit->value = "layout_2"
\a lmgrLogShowPopup("mainListPopup2" 42 81 2 "layout_2")
\a cdsLibManager->copySimpleButton->value = t
\a copyViewForm->SkipLibrariesEdit->value = "*"
\a copyViewForm->ViewsToCopy->value = ""
\a copyViewForm->CopyFromCell->value = ""
\a copyViewForm->CopyFromView->value = ""
\a copyViewForm->CopyToCell->value = ""
\a copyViewForm->CopyToView->value = ""
\a copyViewForm->CopyFromLibrary->value = ""
\a copyViewForm->CopyToLibrary->value = ""
\a copyViewForm->CopyFromLibrary->value = "KISTA_1UM"
\a copyViewForm->CopyToLibrary->value = "KISTA_1UM"
\a copyViewForm->CopyFromLibrary->value = "KISTA_SOI_STDLIB"
\a copyViewForm->CopyFromCell->value = "DFFSRX1"
\a copyViewForm->CopyFromView->value = "layout_2"
\a copyViewForm->CopyToLibrary->value = "KISTA_SOI_STDLIB"
\a copyViewForm->CopyToCell->value = "DFFSRX1"
\a copyViewForm->CopyToView->value = "layout_2"
\a copyViewForm->ViewsToCopy->value = "layout_2"
\a copyViewForm->SkipLibrariesEdit->value = ""
\a copyViewForm->SkipLibrariesEdit->value = "KISTA_1UM KISTA_SOI_STDLIB_TECH KISTA_SOI_TECH KISTA_TEST_AMS KISTA_TEST_ANALOG KISTA_TEST_STREAMIN US_8ths ahdlLib ambit analogLib basic cdsDefTechLib cds_amsfunctions cds_assertions cds_inhconn cds_spicelib connectLib dmsLib functional ieee ncinternal ncmodels ncutils rfExamples rfLib rfTlineLib sdilib std synopsys vital_memory xminternal xmmodels xmutils"
\a nrSetCurrentWindow(copyViewForm)
\a nrResizeWindow(copyViewForm list(1095 60 468 671))
\a copyViewForm->CopyToView->value = "layout"
\a nrDialogAccept(copyViewForm)
\a copyViewForm->OK->value = t
\o Beginning simple copy to library "KISTA_SOI_STDLIB".
\o Processing files to be copied...
\a nrSetCurrentWindow(workingDialogForm)
\a nrSetCurrentWindow(cdsLibManager)
\a nrSetCurrentWindow(workingDialogForm)
\a nrResizeWindow(copyViewForm list(1095 30 468 671))
\a nrResizeWindow(workingDialogForm list(1193 329 273 133))
\o Copy succeeded.
\a cdsLibManager->libListBox->value = nil
\a cdsLibManager->libLineEdit->value = ""
\a cdsLibManager->cellListBox->value = nil
\a cdsLibManager->viewLineEdit->value = ""
\a cdsLibManager->viewListBox->value = nil
\a cdsLibManager->cellLineEdit->value = ""
\a cdsLibManager->libListBox->value = "KISTA_SOI_STDLIB"
\a cdsLibManager->libLineEdit->value = "KISTA_SOI_STDLIB"
\a cdsLibManager->cellListBox->value = "DFFSRX1"
\a cdsLibManager->cellLineEdit->value = "DFFSRX1"
\a cdsLibManager->viewListBox->value = "layout_2"
\a cdsLibManager->viewLineEdit->value = "layout_2"
\a cdsLibManager->viewLineEdit->value = ""
\a cdsLibManager->viewListBox->value = nil
\a cdsLibManager->viewListBox->value = "layout_2"
\a cdsLibManager->viewLineEdit->value = "layout_2"
\a nrSetCurrentWindow(cdsLibManager)
\a copyViewForm->SkipLibrariesEdit->value = "*"
\a nrResizeWindow(workingDialogForm list(1193 299 273 133))
\a cdsLibManager->viewListBox->value = "layout"
\a cdsLibManager->viewLineEdit->value = "layout"
\a cdsLibManager->viewListBox->value = nil
\a cdsLibManager->viewLineEdit->value = ""
\a cdsLibManager->viewListBox->value = "layout"
\a cdsLibManager->viewLineEdit->value = "layout"
\o MPS request: edit design
\a nrListItemAction(cdsLibManager->gdmXTView 3 0)
\a nrSetCurrentWindow(cdsLibManager)
\a cdsLibManager->libListBox->value = nil
\a cdsLibManager->libLineEdit->value = ""
\a cdsLibManager->cellListBox->value = nil
\a cdsLibManager->viewLineEdit->value = ""
\a cdsLibManager->viewListBox->value = nil
\a cdsLibManager->cellLineEdit->value = ""
\w Warning: The directory: '/home/saul/projects/KISTA/KISTA' does not exist
\w 	but was defined in libFile '/home/saul/projects/KISTA/cds.lib' for Lib 'KISTA'.
\a cdsLibManager->libListBox->value = "KISTA_SOI_STDLIB"
\a cdsLibManager->libLineEdit->value = "KISTA_SOI_STDLIB"
\a cdsLibManager->cellListBox->value = "DFFSRX1"
\a cdsLibManager->cellLineEdit->value = "DFFSRX1"
\a cdsLibManager->viewListBox->value = "layout"
\a cdsLibManager->viewLineEdit->value = "layout"
\a cdsLibManager->viewLineEdit->value = ""
\a cdsLibManager->viewListBox->value = nil
\a cdsLibManager->viewListBox->value = "layout"
\a cdsLibManager->viewLineEdit->value = "layout"
\a cdsLibManager->libListBox->value = nil
\a cdsLibManager->libLineEdit->value = ""
\a cdsLibManager->cellListBox->value = nil
\a cdsLibManager->viewLineEdit->value = ""
\a cdsLibManager->viewListBox->value = nil
\a cdsLibManager->cellLineEdit->value = ""
\w Warning: The directory: '/home/saul/projects/KISTA/KISTA' does not exist
\w 	but was defined in libFile '/home/saul/projects/KISTA/cds.lib' for Lib 'KISTA'.
\a cdsLibManager->libListBox->value = "KISTA_SOI_STDLIB"
\a cdsLibManager->libLineEdit->value = "KISTA_SOI_STDLIB"
\a cdsLibManager->cellListBox->value = "DFFSRX1"
\a cdsLibManager->cellLineEdit->value = "DFFSRX1"
\a cdsLibManager->viewListBox->value = "layout"
\a cdsLibManager->viewLineEdit->value = "layout"
\a cdsLibManager->viewLineEdit->value = ""
\a cdsLibManager->viewListBox->value = nil
\a cdsLibManager->viewListBox->value = "layout"
\a cdsLibManager->viewLineEdit->value = "layout"
\a nrSetCurrentWindow(cdsLibManager)
\a cdsLibManager->viewListBox->value = "abstract"
\a cdsLibManager->viewLineEdit->value = "abstract"
\o MPS request: edit design
\a nrListItemAction(cdsLibManager->gdmXTView 0 0)
\a nrSetCurrentWindow(cdsLibManager)
\a nrSetWindowVisibility(cdsLibManager "hide")
\a nrSetWindowVisibility(cdsLibManager "show")
\a nrSetWindowVisibility(cdsLibManager "hide")
\a nrSetWindowVisibility(cdsLibManager "show")
\a nrSetWindowVisibility(cdsLibManager "hide")
\a nrSetWindowVisibility(cdsLibManager "show")
\a nrSetWindowVisibility(cdsLibManager "hide")
\a nrSetWindowVisibility(cdsLibManager "show")
\a nrSetWindowVisibility(cdsLibManager "hide")
\a nrSetWindowVisibility(cdsLibManager "show")
\o MPS service: shutdown
\o libManager is exiting.
\a exit(0)
