xmvlog(64): 18.03-s018: (c) Copyright 1995-2019 Cadence Design Systems, Inc.
DEFINE KISTA /home/saul/projects/KISTA/KISTA
|
xmvlog: *W,DLCPTH (./cds.lib,5): cds.lib Invalid path '/home/saul/projects/KISTA/KISTA' (cds.lib command ignored).
TOOL:	xmvlog(64)	18.03-s018: Started on Dec 15, 2021 at 07:31:25 CET
xmvlog
    -use5x
    -SPECIFICUNIT DFFSRX1
    -zparse /tmp/vamsZparq15072
    -NOWARN DLNOHV
    -work KISTA_SOI_STDLIB
    -view functional
    -nostdout
    -logfile /home/saul/projects/KISTA/.cadence/dfII/TextSupport/Logs/Parser/verilog/KISTA_SOI_STDLIB/functional/compile10.log
    -messages
    -cdslib /home/saul/projects/KISTA/cds.lib
    /home/saul/projects/KISTA/KISTA_SOI_STDLIB/DFFSRX1/functional/verilog.v

file: /home/saul/projects/KISTA/KISTA_SOI_STDLIB/DFFSRX1/functional/verilog.v
	module KISTA_SOI_STDLIB.DFFSRX1:functional
		errors: 0, warnings: 0
	 writing out DPL output:
	Total errors/warnings found outside modules and primitives:
		errors: 0, warnings: 1
TOOL:	xmvlog(64)	18.03-s018: Exiting on Dec 15, 2021 at 07:31:25 CET  (total: 00:00:00)
