Virtuoso Framework License (111) was checked out successfully. Total checkout time was 0.02s.
********************************************************************************
Product   : Virtuoso(R) XStream Out
Program   : @(#)$CDS: strmout version 6.1.8-64b 10/08/2019 19:40 (ip-172-18-22-57) $
          : sub-version  IC6.1.8-64b.500.7 
Started at: 12-Jan-2022  13:56:17
User Name : saul
Host Name : s2424
Directory : /home/saul/projects/KISTA
CADENCE Design Systems, Inc.
********************************************************************************
Info: Cellview Rev Num:99,  Tech Rev Num:59

*WARNING* The directory: '/home/saul/projects/KISTA/KISTA' does not exist
	but was defined in libFile '/home/saul/projects/KISTA/cds.lib' for Lib 'KISTA'.
WARNING (XSTRM-20): Output Stream file '/home/saul/projects/KISTA/drc_runs/DFFSRX1.gds' already exists. It will be overwritten.
INFO (XSTRM-217): Reading the layer map file, /home/saul/projects/KISTA/pvs/kista_1u.layermap
WARNING (XSTRM-32): The layer map file '/home/saul/projects/KISTA/pvs/kista_1u.layermap' contains unknown layer 'Oxide_thk' at line number '5' and will be ignored. This is because the layer name specified in the layer map file is not defined in the technology file. Ensure that the layer name specified in the layer map file is both valid and defined in the technology file.
WARNING (XSTRM-32): The layer map file '/home/saul/projects/KISTA/pvs/kista_1u.layermap' contains unknown layer 'Nhvt' at line number '8' and will be ignored. This is because the layer name specified in the layer map file is not defined in the technology file. Ensure that the layer name specified in the layer map file is both valid and defined in the technology file.
WARNING (XSTRM-32): The layer map file '/home/saul/projects/KISTA/pvs/kista_1u.layermap' contains unknown layer 'Nlvt' at line number '9' and will be ignored. This is because the layer name specified in the layer map file is not defined in the technology file. Ensure that the layer name specified in the layer map file is both valid and defined in the technology file.
WARNING (XSTRM-32): The layer map file '/home/saul/projects/KISTA/pvs/kista_1u.layermap' contains unknown layer 'Phvt' at line number '11' and will be ignored. This is because the layer name specified in the layer map file is not defined in the technology file. Ensure that the layer name specified in the layer map file is both valid and defined in the technology file.
WARNING (XSTRM-32): The layer map file '/home/saul/projects/KISTA/pvs/kista_1u.layermap' contains unknown layer 'Plvt' at line number '12' and will be ignored. This is because the layer name specified in the layer map file is not defined in the technology file. Ensure that the layer name specified in the layer map file is both valid and defined in the technology file.
WARNING (XSTRM-32): The layer map file '/home/saul/projects/KISTA/pvs/kista_1u.layermap' contains unknown layer 'Nzvt' at line number '13' and will be ignored. This is because the layer name specified in the layer map file is not defined in the technology file. Ensure that the layer name specified in the layer map file is both valid and defined in the technology file.
WARNING (XSTRM-32): The layer map file '/home/saul/projects/KISTA/pvs/kista_1u.layermap' contains unknown layer 'SiProt' at line number '14' and will be ignored. This is because the layer name specified in the layer map file is not defined in the technology file. Ensure that the layer name specified in the layer map file is both valid and defined in the technology file.
WARNING (XSTRM-32): The layer map file '/home/saul/projects/KISTA/pvs/kista_1u.layermap' contains unknown layer 'Via3' at line number '21' and will be ignored. This is because the layer name specified in the layer map file is not defined in the technology file. Ensure that the layer name specified in the layer map file is both valid and defined in the technology file.
WARNING (XSTRM-32): The layer map file '/home/saul/projects/KISTA/pvs/kista_1u.layermap' contains unknown layer 'Metal4' at line number '22' and will be ignored. This is because the layer name specified in the layer map file is not defined in the technology file. Ensure that the layer name specified in the layer map file is both valid and defined in the technology file.
WARNING (XSTRM-32): The layer map file '/home/saul/projects/KISTA/pvs/kista_1u.layermap' contains unknown layer 'Via4' at line number '23' and will be ignored. This is because the layer name specified in the layer map file is not defined in the technology file. Ensure that the layer name specified in the layer map file is both valid and defined in the technology file.
WARNING (XSTRM-32): The layer map file '/home/saul/projects/KISTA/pvs/kista_1u.layermap' contains unknown layer 'Metal5' at line number '24' and will be ignored. This is because the layer name specified in the layer map file is not defined in the technology file. Ensure that the layer name specified in the layer map file is both valid and defined in the technology file.
WARNING (XSTRM-32): The layer map file '/home/saul/projects/KISTA/pvs/kista_1u.layermap' contains unknown layer 'Via5' at line number '25' and will be ignored. This is because the layer name specified in the layer map file is not defined in the technology file. Ensure that the layer name specified in the layer map file is both valid and defined in the technology file.
WARNING (XSTRM-32): The layer map file '/home/saul/projects/KISTA/pvs/kista_1u.layermap' contains unknown layer 'Metal6' at line number '26' and will be ignored. This is because the layer name specified in the layer map file is not defined in the technology file. Ensure that the layer name specified in the layer map file is both valid and defined in the technology file.
WARNING (XSTRM-32): The layer map file '/home/saul/projects/KISTA/pvs/kista_1u.layermap' contains unknown layer 'Via6' at line number '27' and will be ignored. This is because the layer name specified in the layer map file is not defined in the technology file. Ensure that the layer name specified in the layer map file is both valid and defined in the technology file.
WARNING (XSTRM-32): The layer map file '/home/saul/projects/KISTA/pvs/kista_1u.layermap' contains unknown layer 'Metal7' at line number '28' and will be ignored. This is because the layer name specified in the layer map file is not defined in the technology file. Ensure that the layer name specified in the layer map file is both valid and defined in the technology file.
WARNING (XSTRM-32): The layer map file '/home/saul/projects/KISTA/pvs/kista_1u.layermap' contains unknown layer 'Via7' at line number '29' and will be ignored. This is because the layer name specified in the layer map file is not defined in the technology file. Ensure that the layer name specified in the layer map file is both valid and defined in the technology file.
WARNING (XSTRM-32): The layer map file '/home/saul/projects/KISTA/pvs/kista_1u.layermap' contains unknown layer 'Metal8' at line number '30' and will be ignored. This is because the layer name specified in the layer map file is not defined in the technology file. Ensure that the layer name specified in the layer map file is both valid and defined in the technology file.
WARNING (XSTRM-32): The layer map file '/home/saul/projects/KISTA/pvs/kista_1u.layermap' contains unknown layer 'Via8' at line number '31' and will be ignored. This is because the layer name specified in the layer map file is not defined in the technology file. Ensure that the layer name specified in the layer map file is both valid and defined in the technology file.
WARNING (XSTRM-32): The layer map file '/home/saul/projects/KISTA/pvs/kista_1u.layermap' contains unknown layer 'Metal9' at line number '32' and will be ignored. This is because the layer name specified in the layer map file is not defined in the technology file. Ensure that the layer name specified in the layer map file is both valid and defined in the technology file.
WARNING (XSTRM-32): The layer map file '/home/saul/projects/KISTA/pvs/kista_1u.layermap' contains unknown layer 'Via9' at line number '33' and will be ignored. This is because the layer name specified in the layer map file is not defined in the technology file. Ensure that the layer name specified in the layer map file is both valid and defined in the technology file.
WARNING (XSTRM-32): The layer map file '/home/saul/projects/KISTA/pvs/kista_1u.layermap' contains unknown layer 'Metal10' at line number '34' and will be ignored. This is because the layer name specified in the layer map file is not defined in the technology file. Ensure that the layer name specified in the layer map file is both valid and defined in the technology file.
WARNING (XSTRM-32): The layer map file '/home/saul/projects/KISTA/pvs/kista_1u.layermap' contains unknown layer 'Via10' at line number '35' and will be ignored. This is because the layer name specified in the layer map file is not defined in the technology file. Ensure that the layer name specified in the layer map file is both valid and defined in the technology file.
WARNING (XSTRM-32): The layer map file '/home/saul/projects/KISTA/pvs/kista_1u.layermap' contains unknown layer 'Metal11' at line number '36' and will be ignored. This is because the layer name specified in the layer map file is not defined in the technology file. Ensure that the layer name specified in the layer map file is both valid and defined in the technology file.
WARNING (XSTRM-32): The layer map file '/home/saul/projects/KISTA/pvs/kista_1u.layermap' contains unknown layer 'CapMetal' at line number '37' and will be ignored. This is because the layer name specified in the layer map file is not defined in the technology file. Ensure that the layer name specified in the layer map file is both valid and defined in the technology file.
WARNING (XSTRM-32): The layer map file '/home/saul/projects/KISTA/pvs/kista_1u.layermap' contains unknown layer 'Nburied' at line number '38' and will be ignored. This is because the layer name specified in the layer map file is not defined in the technology file. Ensure that the layer name specified in the layer map file is both valid and defined in the technology file.
WARNING (XSTRM-32): The layer map file '/home/saul/projects/KISTA/pvs/kista_1u.layermap' contains unknown layer 'Metal4' at line number '43' and will be ignored. This is because the layer name specified in the layer map file is not defined in the technology file. Ensure that the layer name specified in the layer map file is both valid and defined in the technology file.
WARNING (XSTRM-32): The layer map file '/home/saul/projects/KISTA/pvs/kista_1u.layermap' contains unknown layer 'Metal5' at line number '44' and will be ignored. This is because the layer name specified in the layer map file is not defined in the technology file. Ensure that the layer name specified in the layer map file is both valid and defined in the technology file.
WARNING (XSTRM-32): The layer map file '/home/saul/projects/KISTA/pvs/kista_1u.layermap' contains unknown layer 'Metal6' at line number '45' and will be ignored. This is because the layer name specified in the layer map file is not defined in the technology file. Ensure that the layer name specified in the layer map file is both valid and defined in the technology file.
WARNING (XSTRM-32): The layer map file '/home/saul/projects/KISTA/pvs/kista_1u.layermap' contains unknown layer 'Metal7' at line number '46' and will be ignored. This is because the layer name specified in the layer map file is not defined in the technology file. Ensure that the layer name specified in the layer map file is both valid and defined in the technology file.
WARNING (XSTRM-32): The layer map file '/home/saul/projects/KISTA/pvs/kista_1u.layermap' contains unknown layer 'Metal8' at line number '47' and will be ignored. This is because the layer name specified in the layer map file is not defined in the technology file. Ensure that the layer name specified in the layer map file is both valid and defined in the technology file.
WARNING (XSTRM-32): The layer map file '/home/saul/projects/KISTA/pvs/kista_1u.layermap' contains unknown layer 'Metal9' at line number '48' and will be ignored. This is because the layer name specified in the layer map file is not defined in the technology file. Ensure that the layer name specified in the layer map file is both valid and defined in the technology file.
WARNING (XSTRM-32): The layer map file '/home/saul/projects/KISTA/pvs/kista_1u.layermap' contains unknown layer 'Metal10' at line number '49' and will be ignored. This is because the layer name specified in the layer map file is not defined in the technology file. Ensure that the layer name specified in the layer map file is both valid and defined in the technology file.
WARNING (XSTRM-32): The layer map file '/home/saul/projects/KISTA/pvs/kista_1u.layermap' contains unknown layer 'Metal11' at line number '50' and will be ignored. This is because the layer name specified in the layer map file is not defined in the technology file. Ensure that the layer name specified in the layer map file is both valid and defined in the technology file.
WARNING (XSTRM-32): The layer map file '/home/saul/projects/KISTA/pvs/kista_1u.layermap' contains unknown layer 'Metal4' at line number '54' and will be ignored. This is because the layer name specified in the layer map file is not defined in the technology file. Ensure that the layer name specified in the layer map file is both valid and defined in the technology file.
WARNING (XSTRM-32): The layer map file '/home/saul/projects/KISTA/pvs/kista_1u.layermap' contains unknown layer 'Metal5' at line number '55' and will be ignored. This is because the layer name specified in the layer map file is not defined in the technology file. Ensure that the layer name specified in the layer map file is both valid and defined in the technology file.
WARNING (XSTRM-32): The layer map file '/home/saul/projects/KISTA/pvs/kista_1u.layermap' contains unknown layer 'Metal6' at line number '56' and will be ignored. This is because the layer name specified in the layer map file is not defined in the technology file. Ensure that the layer name specified in the layer map file is both valid and defined in the technology file.
WARNING (XSTRM-32): The layer map file '/home/saul/projects/KISTA/pvs/kista_1u.layermap' contains unknown layer 'Metal7' at line number '57' and will be ignored. This is because the layer name specified in the layer map file is not defined in the technology file. Ensure that the layer name specified in the layer map file is both valid and defined in the technology file.
WARNING (XSTRM-32): The layer map file '/home/saul/projects/KISTA/pvs/kista_1u.layermap' contains unknown layer 'Metal8' at line number '58' and will be ignored. This is because the layer name specified in the layer map file is not defined in the technology file. Ensure that the layer name specified in the layer map file is both valid and defined in the technology file.
WARNING (XSTRM-32): The layer map file '/home/saul/projects/KISTA/pvs/kista_1u.layermap' contains unknown layer 'Metal9' at line number '59' and will be ignored. This is because the layer name specified in the layer map file is not defined in the technology file. Ensure that the layer name specified in the layer map file is both valid and defined in the technology file.
WARNING (XSTRM-32): The layer map file '/home/saul/projects/KISTA/pvs/kista_1u.layermap' contains unknown layer 'Metal10' at line number '60' and will be ignored. This is because the layer name specified in the layer map file is not defined in the technology file. Ensure that the layer name specified in the layer map file is both valid and defined in the technology file.
WARNING (XSTRM-32): The layer map file '/home/saul/projects/KISTA/pvs/kista_1u.layermap' contains unknown layer 'Metal11' at line number '61' and will be ignored. This is because the layer name specified in the layer map file is not defined in the technology file. Ensure that the layer name specified in the layer map file is both valid and defined in the technology file.
WARNING (XSTRM-32): The layer map file '/home/saul/projects/KISTA/pvs/kista_1u.layermap' contains unknown layer 'Metal4' at line number '65' and will be ignored. This is because the layer name specified in the layer map file is not defined in the technology file. Ensure that the layer name specified in the layer map file is both valid and defined in the technology file.
WARNING (XSTRM-32): The layer map file '/home/saul/projects/KISTA/pvs/kista_1u.layermap' contains unknown layer 'Metal5' at line number '66' and will be ignored. This is because the layer name specified in the layer map file is not defined in the technology file. Ensure that the layer name specified in the layer map file is both valid and defined in the technology file.
WARNING (XSTRM-32): The layer map file '/home/saul/projects/KISTA/pvs/kista_1u.layermap' contains unknown layer 'Metal6' at line number '67' and will be ignored. This is because the layer name specified in the layer map file is not defined in the technology file. Ensure that the layer name specified in the layer map file is both valid and defined in the technology file.
WARNING (XSTRM-32): The layer map file '/home/saul/projects/KISTA/pvs/kista_1u.layermap' contains unknown layer 'Metal7' at line number '68' and will be ignored. This is because the layer name specified in the layer map file is not defined in the technology file. Ensure that the layer name specified in the layer map file is both valid and defined in the technology file.
WARNING (XSTRM-32): The layer map file '/home/saul/projects/KISTA/pvs/kista_1u.layermap' contains unknown layer 'Metal8' at line number '69' and will be ignored. This is because the layer name specified in the layer map file is not defined in the technology file. Ensure that the layer name specified in the layer map file is both valid and defined in the technology file.
WARNING (XSTRM-32): The layer map file '/home/saul/projects/KISTA/pvs/kista_1u.layermap' contains unknown layer 'Metal9' at line number '70' and will be ignored. This is because the layer name specified in the layer map file is not defined in the technology file. Ensure that the layer name specified in the layer map file is both valid and defined in the technology file.
WARNING (XSTRM-32): The layer map file '/home/saul/projects/KISTA/pvs/kista_1u.layermap' contains unknown layer 'Metal10' at line number '71' and will be ignored. This is because the layer name specified in the layer map file is not defined in the technology file. Ensure that the layer name specified in the layer map file is both valid and defined in the technology file.
WARNING (XSTRM-32): The layer map file '/home/saul/projects/KISTA/pvs/kista_1u.layermap' contains unknown layer 'Metal11' at line number '72' and will be ignored. This is because the layer name specified in the layer map file is not defined in the technology file. Ensure that the layer name specified in the layer map file is both valid and defined in the technology file.
WARNING (XSTRM-32): The layer map file '/home/saul/projects/KISTA/pvs/kista_1u.layermap' contains unknown layer 'Metal4' at line number '76' and will be ignored. This is because the layer name specified in the layer map file is not defined in the technology file. Ensure that the layer name specified in the layer map file is both valid and defined in the technology file.
WARNING (XSTRM-32): The layer map file '/home/saul/projects/KISTA/pvs/kista_1u.layermap' contains unknown layer 'Metal5' at line number '77' and will be ignored. This is because the layer name specified in the layer map file is not defined in the technology file. Ensure that the layer name specified in the layer map file is both valid and defined in the technology file.
WARNING (XSTRM-32): The layer map file '/home/saul/projects/KISTA/pvs/kista_1u.layermap' contains unknown layer 'Metal6' at line number '78' and will be ignored. This is because the layer name specified in the layer map file is not defined in the technology file. Ensure that the layer name specified in the layer map file is both valid and defined in the technology file.
WARNING (XSTRM-32): The layer map file '/home/saul/projects/KISTA/pvs/kista_1u.layermap' contains unknown layer 'Metal7' at line number '79' and will be ignored. This is because the layer name specified in the layer map file is not defined in the technology file. Ensure that the layer name specified in the layer map file is both valid and defined in the technology file.
WARNING (XSTRM-32): The layer map file '/home/saul/projects/KISTA/pvs/kista_1u.layermap' contains unknown layer 'Metal8' at line number '80' and will be ignored. This is because the layer name specified in the layer map file is not defined in the technology file. Ensure that the layer name specified in the layer map file is both valid and defined in the technology file.
WARNING (XSTRM-32): The layer map file '/home/saul/projects/KISTA/pvs/kista_1u.layermap' contains unknown layer 'Metal9' at line number '81' and will be ignored. This is because the layer name specified in the layer map file is not defined in the technology file. Ensure that the layer name specified in the layer map file is both valid and defined in the technology file.
WARNING (XSTRM-32): The layer map file '/home/saul/projects/KISTA/pvs/kista_1u.layermap' contains unknown layer 'Metal10' at line number '82' and will be ignored. This is because the layer name specified in the layer map file is not defined in the technology file. Ensure that the layer name specified in the layer map file is both valid and defined in the technology file.
WARNING (XSTRM-32): The layer map file '/home/saul/projects/KISTA/pvs/kista_1u.layermap' contains unknown layer 'Metal11' at line number '83' and will be ignored. This is because the layer name specified in the layer map file is not defined in the technology file. Ensure that the layer name specified in the layer map file is both valid and defined in the technology file.
WARNING (XSTRM-32): The layer map file '/home/saul/projects/KISTA/pvs/kista_1u.layermap' contains unknown layer 'Bondpad' at line number '84' and will be ignored. This is because the layer name specified in the layer map file is not defined in the technology file. Ensure that the layer name specified in the layer map file is both valid and defined in the technology file.
WARNING (XSTRM-32): The layer map file '/home/saul/projects/KISTA/pvs/kista_1u.layermap' contains unknown layer 'Capdum' at line number '85' and will be ignored. This is because the layer name specified in the layer map file is not defined in the technology file. Ensure that the layer name specified in the layer map file is both valid and defined in the technology file.
WARNING (XSTRM-32): The layer map file '/home/saul/projects/KISTA/pvs/kista_1u.layermap' contains unknown layer 'Cap3dum' at line number '86' and will be ignored. This is because the layer name specified in the layer map file is not defined in the technology file. Ensure that the layer name specified in the layer map file is both valid and defined in the technology file.
WARNING (XSTRM-32): The layer map file '/home/saul/projects/KISTA/pvs/kista_1u.layermap' contains unknown layer 'INDdummy' at line number '87' and will be ignored. This is because the layer name specified in the layer map file is not defined in the technology file. Ensure that the layer name specified in the layer map file is both valid and defined in the technology file.
WARNING (XSTRM-32): The layer map file '/home/saul/projects/KISTA/pvs/kista_1u.layermap' contains unknown layer 'IND2dummy' at line number '88' and will be ignored. This is because the layer name specified in the layer map file is not defined in the technology file. Ensure that the layer name specified in the layer map file is both valid and defined in the technology file.
WARNING (XSTRM-32): The layer map file '/home/saul/projects/KISTA/pvs/kista_1u.layermap' contains unknown layer 'IND3dummy' at line number '89' and will be ignored. This is because the layer name specified in the layer map file is not defined in the technology file. Ensure that the layer name specified in the layer map file is both valid and defined in the technology file.
WARNING (XSTRM-32): The layer map file '/home/saul/projects/KISTA/pvs/kista_1u.layermap' contains unknown layer 'Resdum' at line number '90' and will be ignored. This is because the layer name specified in the layer map file is not defined in the technology file. Ensure that the layer name specified in the layer map file is both valid and defined in the technology file.
WARNING (XSTRM-32): The layer map file '/home/saul/projects/KISTA/pvs/kista_1u.layermap' contains unknown layer 'ResWdum' at line number '91' and will be ignored. This is because the layer name specified in the layer map file is not defined in the technology file. Ensure that the layer name specified in the layer map file is both valid and defined in the technology file.
WARNING (XSTRM-32): The layer map file '/home/saul/projects/KISTA/pvs/kista_1u.layermap' contains unknown layer 'M4Resdum' at line number '95' and will be ignored. This is because the layer name specified in the layer map file is not defined in the technology file. Ensure that the layer name specified in the layer map file is both valid and defined in the technology file.
WARNING (XSTRM-32): The layer map file '/home/saul/projects/KISTA/pvs/kista_1u.layermap' contains unknown layer 'M5Resdum' at line number '96' and will be ignored. This is because the layer name specified in the layer map file is not defined in the technology file. Ensure that the layer name specified in the layer map file is both valid and defined in the technology file.
WARNING (XSTRM-32): The layer map file '/home/saul/projects/KISTA/pvs/kista_1u.layermap' contains unknown layer 'M6Resdum' at line number '97' and will be ignored. This is because the layer name specified in the layer map file is not defined in the technology file. Ensure that the layer name specified in the layer map file is both valid and defined in the technology file.
WARNING (XSTRM-32): The layer map file '/home/saul/projects/KISTA/pvs/kista_1u.layermap' contains unknown layer 'M7Resdum' at line number '98' and will be ignored. This is because the layer name specified in the layer map file is not defined in the technology file. Ensure that the layer name specified in the layer map file is both valid and defined in the technology file.
WARNING (XSTRM-32): The layer map file '/home/saul/projects/KISTA/pvs/kista_1u.layermap' contains unknown layer 'M8Resdum' at line number '99' and will be ignored. This is because the layer name specified in the layer map file is not defined in the technology file. Ensure that the layer name specified in the layer map file is both valid and defined in the technology file.
WARNING (XSTRM-32): The layer map file '/home/saul/projects/KISTA/pvs/kista_1u.layermap' contains unknown layer 'M9Resdum' at line number '100' and will be ignored. This is because the layer name specified in the layer map file is not defined in the technology file. Ensure that the layer name specified in the layer map file is both valid and defined in the technology file.
WARNING (XSTRM-32): The layer map file '/home/saul/projects/KISTA/pvs/kista_1u.layermap' contains unknown layer 'M10Resdum' at line number '101' and will be ignored. This is because the layer name specified in the layer map file is not defined in the technology file. Ensure that the layer name specified in the layer map file is both valid and defined in the technology file.
WARNING (XSTRM-32): The layer map file '/home/saul/projects/KISTA/pvs/kista_1u.layermap' contains unknown layer 'M11Resdum' at line number '102' and will be ignored. This is because the layer name specified in the layer map file is not defined in the technology file. Ensure that the layer name specified in the layer map file is both valid and defined in the technology file.
WARNING (XSTRM-32): The layer map file '/home/saul/projects/KISTA/pvs/kista_1u.layermap' contains unknown layer 'BJTdum' at line number '103' and will be ignored. This is because the layer name specified in the layer map file is not defined in the technology file. Ensure that the layer name specified in the layer map file is both valid and defined in the technology file.
WARNING (XSTRM-32): The layer map file '/home/saul/projects/KISTA/pvs/kista_1u.layermap' contains unknown layer 'VPNP2dum' at line number '104' and will be ignored. This is because the layer name specified in the layer map file is not defined in the technology file. Ensure that the layer name specified in the layer map file is both valid and defined in the technology file.
WARNING (XSTRM-32): The layer map file '/home/saul/projects/KISTA/pvs/kista_1u.layermap' contains unknown layer 'VPNP5dum' at line number '105' and will be ignored. This is because the layer name specified in the layer map file is not defined in the technology file. Ensure that the layer name specified in the layer map file is both valid and defined in the technology file.
WARNING (XSTRM-32): The layer map file '/home/saul/projects/KISTA/pvs/kista_1u.layermap' contains unknown layer 'VPNP10dum' at line number '106' and will be ignored. This is because the layer name specified in the layer map file is not defined in the technology file. Ensure that the layer name specified in the layer map file is both valid and defined in the technology file.
WARNING (XSTRM-32): The layer map file '/home/saul/projects/KISTA/pvs/kista_1u.layermap' contains unknown layer 'NPN2dum' at line number '107' and will be ignored. This is because the layer name specified in the layer map file is not defined in the technology file. Ensure that the layer name specified in the layer map file is both valid and defined in the technology file.
WARNING (XSTRM-32): The layer map file '/home/saul/projects/KISTA/pvs/kista_1u.layermap' contains unknown layer 'NPN5dum' at line number '108' and will be ignored. This is because the layer name specified in the layer map file is not defined in the technology file. Ensure that the layer name specified in the layer map file is both valid and defined in the technology file.
WARNING (XSTRM-32): The layer map file '/home/saul/projects/KISTA/pvs/kista_1u.layermap' contains unknown layer 'NPN10dum' at line number '109' and will be ignored. This is because the layer name specified in the layer map file is not defined in the technology file. Ensure that the layer name specified in the layer map file is both valid and defined in the technology file.
WARNING (XSTRM-32): The layer map file '/home/saul/projects/KISTA/pvs/kista_1u.layermap' contains unknown layer 'NPNdummy' at line number '110' and will be ignored. This is because the layer name specified in the layer map file is not defined in the technology file. Ensure that the layer name specified in the layer map file is both valid and defined in the technology file.
WARNING (XSTRM-32): The layer map file '/home/saul/projects/KISTA/pvs/kista_1u.layermap' contains unknown layer 'PNPdummy' at line number '111' and will be ignored. This is because the layer name specified in the layer map file is not defined in the technology file. Ensure that the layer name specified in the layer map file is both valid and defined in the technology file.
WARNING (XSTRM-32): The layer map file '/home/saul/projects/KISTA/pvs/kista_1u.layermap' contains unknown layer 'DIOdummy' at line number '113' and will be ignored. This is because the layer name specified in the layer map file is not defined in the technology file. Ensure that the layer name specified in the layer map file is both valid and defined in the technology file.
WARNING (XSTRM-32): The layer map file '/home/saul/projects/KISTA/pvs/kista_1u.layermap' contains unknown layer 'ESDdummy' at line number '114' and will be ignored. This is because the layer name specified in the layer map file is not defined in the technology file. Ensure that the layer name specified in the layer map file is both valid and defined in the technology file.
WARNING (XSTRM-32): The layer map file '/home/saul/projects/KISTA/pvs/kista_1u.layermap' contains unknown layer 'SRAM' at line number '117' and will be ignored. This is because the layer name specified in the layer map file is not defined in the technology file. Ensure that the layer name specified in the layer map file is both valid and defined in the technology file.
INFO (XSTRM-162): You have not used the viaMap option. If the OpenAccess design has native oaVia instances, use the -viaMap option for preserving oaVia instances in a Stream Out - Stream In round trip. Using the -viaMap option improves performance and VM usage of applications using the Streamed-In design.  For details on the viaMap option, refer to the "Design Data Translator's Reference" guide for XStream.

Summary of Options :
library                                 KISTA_SOI_STDLIB
strmFile                                /home/saul/projects/KISTA/drc_runs/DFFSRX1.gds
topCell                                 DFFSRX1
view                                    layout
runDir                                  /home/saul/projects/KISTA/drc_runs
logFile                                 /home/saul/projects/KISTA/drc_runs/PIPO1.LOG
techLib                                 KISTA_SOI_STDLIB_TECH
hierDepth                               32
maxVertices                             2048
layerMap                                /home/saul/projects/KISTA/pvs/kista_1u.layermap
userSkillFile                           /home/saul/projects/KISTA/drc_runs/strmout.il
labelDepth                              32
case                                    Preserve
convertDot                              node

KISTA libInit.il file is loaded
initializing MOS callbacks
INFO (XSTRM-223): 1. Translating stdVia KISTA_SOI_TECH/M1_PO/layout as STRUCTURE M1_PO_CDNS_1.
INFO (XSTRM-223): 2. Translating stdVia KISTA_SOI_TECH/M2_M1/layout as STRUCTURE M2_M1_CDNS_2.
Express Pcell license has been checked out for the Express Pcell feature.
INFO (XSTRM-223): 3. Translating cellView KISTA_1UM/nmos3/layout as STRUCTURE nmos3_CDNS_3.
INFO (XSTRM-223): 4. Translating cellView KISTA_1UM/pmos3/layout as STRUCTURE pmos3_CDNS_4.
INFO (XSTRM-223): 5. Translating cellView KISTA_SOI_STDLIB/DFFSRX1/layout as STRUCTURE DFFSRX1.
INFO (XSTRM-180): You have not used the objectMap option. The design has instance(s) of at least one of following OpenAccess objects: oaBlockage, oaBoundary, oaRow, and oaMarker. Any information about these objects will not be translated into the generated stream file. Use the objectMap option to translate/preserve these objects using XStream. For details on the objectMap option, refer to the "Design Data Translator's Reference" guide for XStream.
WARNING (XSTRM-35): The objects in the layer-purpose pair 'Via1:blockage' are ignored. This is because the layer-purpose pair used in the design is not specified in the layer map file. Specify the layer-purpose pair in the layer map file and try again.
WARNING (XSTRM-35): The objects in the layer-purpose pair 'Via2:blockage' are ignored. This is because the layer-purpose pair used in the design is not specified in the layer map file. Specify the layer-purpose pair in the layer map file and try again.

Summary of Objects Translated:
	Scalar Instances:                       38
	Array Instances:                        0
	Polygons:                               0
	Paths:                                  0
	Rectangles:                             52
	Lines:                                  0
	Arcs:                                   0
	Donuts:                                 0
	Dots:                                   0
	Ellipses:                               0
	Boundaries:                             0
	Area Blockages:                         0
	Layer Blockages:                        0
	Area Halos:                             0
	Markers:                                0
	Rows:                                   0
	Standard Vias                           32
	Custom Vias:                            0
	CdsGen Vias:                            0
	Pathsegs:                               187
	Text:                                   0
	TextDisplay:                            17
	Cells:                                  5

Elapsed Time: 0.3s   User Time: 0.2s   CPU Time: 0.1s   Peak VM: 6336KB
INFO (XSTRM-234): Translation completed. '0' error(s) and '88' warning(s) found.
