*Info*    Exporting services from client ... 

*Info*    Client has finished starting ... 



*Info*    Configuring the session ...

	Library      = KISTA_TEST_ANALOG
	Cell         = test_pmos_dc
	View         = schematic
	Simulator    = spectre
	State Path   = $AXL_SETUPDB_DIR/test_states
	State Name   = KISTA_TEST_ANALOG:test_pmos_dc:1_none_Interactive.0
	Results DB   = /home/saul/projects/KISTA/KISTA_TEST_ANALOG/test_pmos_dc/adexl/results/data/Interactive.0.rdb
	Results Dir  = /home/saul/simulation/KISTA_TEST_ANALOG/test_pmos_dc/adexl/results/data/Interactive.0/1/KISTA_TEST_ANALOG:test_pmos_dc:1
	Results Loc  = /home/saul/simulation/KISTA_TEST_ANALOG/test_pmos_dc/adexl/results/data
	Project Dir  = /home/saul/simulation
	Setup DB loc = /home/saul/projects/KISTA/KISTA_TEST_ANALOG/test_pmos_dc/adexl
	File Encoding = 0


variable oasisVariableValue redefined
variable persistNewList redefined

*Info*    The auto suspension is disabled.






*Info*    Run start for Point ID (0 1) on testbench [
          KISTA_TEST_ANALOG:test_pmos_dc:1 ].

Resetting statistical vars

*Info*    Setting parameter values ...

Setting var VDS1 = "1.8"
Setting var VGS1 = "0.4"
Setting temp(T) = 27

*Info*    Netlist Directory =
          /home/saul/simulation/KISTA_TEST_ANALOG/test_pmos_dc/adexl/results/data/Interactive.0/1/KISTA_TEST_ANALOG:test_pmos_dc:1/netlist


*Info*    Data Directory    =
          /home/saul/simulation/KISTA_TEST_ANALOG/test_pmos_dc/adexl/results/data/Interactive.0/1/KISTA_TEST_ANALOG:test_pmos_dc:1


*Info*    Creating Netlist for Point ID (0 1)

generate netlist...
Initializing the control file using cp:
    cp /pkg/cadence/installs/IC618/tools.lnx86/dfII/etc/si/control.spectre /home/saul/simulation/KISTA_TEST_ANALOG/test_pmos_dc/adexl/results/data/Interactive.0/1/KISTA_TEST_ANALOG:test_pmos_dc:1/netlist/control
Copying Spectre source file 'spectre.inp'
Copying Spectre command file 'spectre.sim'
Begin Incremental Netlisting Dec 14 14:50:26 2021
End netlisting Dec 14 14:50:26 2021

Netlisting Statistics:
	Number of components:    3

	Elapsed time:          1.0s (3.00/s)
Errors: 0	Warnings: 0
      ...successful.
compose simulator input file...
      ...successful.

*Info*    Running simulation on testbench [
          KISTA_TEST_ANALOG:test_pmos_dc:1 ] for Point ID (0 1).

Delete psf data in /home/saul/simulation/KISTA_TEST_ANALOG/test_pmos_dc/adexl/results/data/Interactive.0/1/KISTA_TEST_ANALOG:test_pmos_dc:1/psf.
compose simulator input file...
      ...successful.
start simulator if needed...
      ...successful.
simulate...
To view the simulator output, right-click on the test name, result 
name, or any value in the "Results" tab of the Outputs section and 
choose "Output Log" menu option.
INFO (ADE-3067): Errors encountered during simulation. For more information, right-click
        on a test name in the 'Results' tab of the Outputs pane and choose 'Output Log'
        to view the simulation run log.

*Error*   Error ID  = 5011
*Error*   Error Msg = Simulator failed to complete the simulation.

          Error found by spectre during circuit read-in.
Error found
          by spectre during circuit read-in.
ERROR (SFE-23):
          "input.scs" 13: The instance `M1' is referencing an
          undefined model or subcircuit, `pch'. Either include the
          file containing the defin
ition of `pch', or define `pch'
          before running the simulation.










*Info*    Run start for Point ID (0 1) on testbench [
          KISTA_TEST_ANALOG:test_pmos_dc:1 ].

Resetting statistical vars

*Info*    Setting parameter values ...

Setting var VDS1 = "1.8"
Setting var VGS1 = "0.4"
Setting temp(T) = 27

*Info*    Netlist Directory =
          /home/saul/simulation/KISTA_TEST_ANALOG/test_pmos_dc/adexl/results/data/Interactive.0/1/KISTA_TEST_ANALOG:test_pmos_dc:1/netlist


*Info*    Data Directory    =
          /home/saul/simulation/KISTA_TEST_ANALOG/test_pmos_dc/adexl/results/data/Interactive.0/1/KISTA_TEST_ANALOG:test_pmos_dc:1


*Info*    Creating Netlist for Point ID (0 1)

generate netlist...
Begin Incremental Netlisting Dec 14 14:50:28 2021
End netlisting Dec 14 14:50:28 2021

	The netlist is up to date.
	Time taken to compare the design with netlist:   0.0s
      ...successful.
compose simulator input file...
      ...successful.

*Info*    Running simulation on testbench [
          KISTA_TEST_ANALOG:test_pmos_dc:1 ] for Point ID (0 1).

Delete psf data in /home/saul/simulation/KISTA_TEST_ANALOG/test_pmos_dc/adexl/results/data/Interactive.0/1/KISTA_TEST_ANALOG:test_pmos_dc:1/psf.
compose simulator input file...
      ...successful.
start simulator if needed...
      ...successful.
simulate...
To view the simulator output, right-click on the test name, result 
name, or any value in the "Results" tab of the Outputs section and 
choose "Output Log" menu option.
INFO (ADE-3067): Errors encountered during simulation. For more information, right-click
        on a test name in the 'Results' tab of the Outputs pane and choose 'Output Log'
        to view the simulation run log.

*Error*   Error ID  = 5011
*Error*   Error Msg = Simulator failed to complete the simulation.

          Error found by spectre during circuit read-in.
Error found
          by spectre during circuit read-in.
ERROR (SFE-23):
          "input.scs" 13: The instance `M1' is referencing an
          undefined model or subcircuit, `pch'. Either include the
          file containing the defin
ition of `pch', or define `pch'
          before running the simulation.





Simulation design variables differ from those on the cellView,
they have been saved in the file "/tmp/saved-design-variables2".
To save future changes, copy variables to cellView before exiting.
