*Info*    Exporting services from client ... 

*Info*    Client has finished starting ... 



*Info*    Configuring the session ...

	Library      = KISTA_TEST_ANALOG
	Cell         = test_pmos_dc
	View         = schematic
	Simulator    = spectre
	State Path   = $AXL_SETUPDB_DIR/test_states
	State Name   = KISTA_TEST_ANALOG:test_pmos_dc:1_none_Interactive.3
	Results DB   = /home/saul/projects/KISTA/KISTA_TEST_ANALOG/test_pmos_dc/adexl/results/data/Interactive.3.rdb
	Results Dir  = /home/saul/simulation/KISTA_TEST_ANALOG/test_pmos_dc/adexl/results/data/Interactive.3/1/KISTA_TEST_ANALOG:test_pmos_dc:1
	Results Loc  = /home/saul/simulation/KISTA_TEST_ANALOG/test_pmos_dc/adexl/results/data
	Project Dir  = /home/saul/simulation
	Setup DB loc = /home/saul/projects/KISTA/KISTA_TEST_ANALOG/test_pmos_dc/adexl
	File Encoding = 0


variable oasisVariableValue redefined
variable persistNewList redefined

*Info*    The auto suspension is disabled.






*Info*    Run start for Point ID (3 1) on testbench [
          KISTA_TEST_ANALOG:test_pmos_dc:1 ].

Resetting statistical vars

*Info*    Setting parameter values ...

Setting var VDS1 = "1.8"
Setting var VGS1 = "0.4"
Setting temp(T) = 27

*Info*    Netlist Directory =
          /home/saul/simulation/KISTA_TEST_ANALOG/test_pmos_dc/adexl/results/data/Interactive.3/1/KISTA_TEST_ANALOG:test_pmos_dc:1/netlist


*Info*    Data Directory    =
          /home/saul/simulation/KISTA_TEST_ANALOG/test_pmos_dc/adexl/results/data/Interactive.3/1/KISTA_TEST_ANALOG:test_pmos_dc:1


*Info*    Creating Netlist for Point ID (3 1)

generate netlist...
Begin Incremental Netlisting Dec 14 14:56:12 2021
End netlisting Dec 14 14:56:13 2021

	The netlist is up to date.
	Time taken to compare the design with netlist:   1.0s
      ...successful.
compose simulator input file...
      ...successful.

*Info*    Running simulation on testbench [
          KISTA_TEST_ANALOG:test_pmos_dc:1 ] for Point ID (3 1).

Delete psf data in /home/saul/simulation/KISTA_TEST_ANALOG/test_pmos_dc/adexl/results/data/Interactive.3/1/KISTA_TEST_ANALOG:test_pmos_dc:1/psf.
compose simulator input file...
      ...successful.
start simulator if needed...
      ...successful.
simulate...
To view the simulator output, right-click on the test name, result 
name, or any value in the "Results" tab of the Outputs section and 
choose "Output Log" menu option.
INFO (ADE-3071): Simulation completed successfully.
reading simulation data...
      ...successful.
*Info*    Client has finished evaluating ... 


*Info*    Run complete for Point ID (3 1) on testbench [
          KISTA_TEST_ANALOG:test_pmos_dc:1 ].





Simulation design variables differ from those on the cellView,
they have been saved in the file "/tmp/saved-design-variables2".
To save future changes, copy variables to cellView before exiting.
