\# Program start time:     UTC 2021.12.14 14:06:43.651
\# Local time: CET (UTC+01:00) 2021.12.14 15:06:43.651
\o Program:		@(#)$CDS: virtuoso version 6.1.8-64b 10/08/2019 20:07 (sjfhw316) $
\o Hierarchy:		/pkg/cadence/installs/IC618/tools.lnx86/dfII/
\o Sub version:		sub-version  IC6.1.8-64b.500.7  (64-bit addresses)
\# Command line:	/pkg/cadence/installs/IC618/tools.lnx86/dfII/bin/64bit/virtuoso -noautostart -mpssession virtuoso15577 -mpshost s2424 -davinciService DaVinciService_15577_1639488634 -log /home/saul/projects/KISTA/logs_saul/logs0/Job22.log -licenseLockFileName /home/saul/projects/KISTA/.tmp_saul/.s2424_15577 -interactiveA -interactiveE -interactiveRTT -nostdin -nograph -axlChildIdFlag 22
\# Host name (type):	s2424 (x86_64)
\# Operating system:	Linux 3.10.0-1160.42.2.el7.x86_64 #1 SMP Tue Sep 7 14:49:57 UTC 2021
\# Linux /etc/issue:	\S
\# Linux /etc/issue:	Kernel \r on an \m
\# X display name (WxH):	:95 (1024x868)
\# Available geometry:			TL(0:0) BR(1023:867)
\# X server:			RealVNC Ltd (VNC nograph server, PID 10809)
\# Depth of Visual (Root):	16 (16)
\# Number of Planes Used:	16
\# X version:		11.0 (vendor release 3370)
\# X resource pool:	base 0x800000, mask 0x3fffff (4194303), shift 0
\# 			current id 0x0, current max 0x3ffffa (4194298)
\# Max data seg size:	     unlimited
\# Max process size:	     unlimited
\# Initial sbrk value:	        530 MB
\# Available memory:	     36,917 MB
\# System memory:	     96,361 MB
\# Maximum memory size:	     95,970 MB
\# Max mem available:	     37,056 MB
\# Initial memory used:	        139 MB
\#        process size:	      1,382 MB
\# Thread usage limits (effective/default):	maxthreads 4096/4096 maxload 32.00/32.00
\# Qt version:		5.9.1
\# Window Manager:	other
\# User Name:		saul
\o Working Directory:	s2424:/home/saul/projects/KISTA
\# Process Id:		10924
\o 
\o COPYRIGHT (C) 1992-2019  CADENCE DESIGN SYSTEMS INC.  ALL RIGHTS RESERVED.
\o           (C) 1992-2019  UNIX SYSTEMS Laboratories INC.,
\o                          Reproduced with permission.
\o 
\o This Cadence Design Systems program and online documentation are
\o proprietary/confidential information and may be disclosed/used only
\o as authorized in a license agreement controlling such use and disclosure.
\o 
\o           RESTRICTED RIGHTS NOTICE (SHORT FORM)
\o Use/reproduction/disclosure is subject to restriction
\o set forth at FAR 1252.227-19 or its equivalent.
\o Loading geView.cxt 
\o Loading menuBuilder.cxt 
\o Loading schView.cxt 
\o Loading selectSv.cxt 
\o Loading pvsui.cxt.
\o Loading wireEdit.cxt 
\o Loading pte2.cxt 
\o Loading xlUI.cxt 
\o Loading auCore.cxt 
\o Loading vhdl.cxt 
\o Loading seismic.cxt 
\o Loading ci.cxt 
\o Loading layers.cxt 
\o Loading ams.cxt 
\o Loading oasis.cxt 
\o Loading analog.cxt 
\o Loading asimenv.cxt 
\o Loading dal.cxt 
\o Loading awv.cxt 
\o Loading socket.cxt 
\o Loading par.cxt 
\o Loading alvs.cxt 
\o Loading caa.cxt 
\o Loading amps.cxt 
\o Loading adexlCore.cxt 
\o Loading adexl.cxt 
\o *Info*    Exporting services from client ... 
\o 
\o Loading cli.cxt 
\o Loading cle.cxt 
\o INFO (ELI-00302) Connecting to parent process (session=virtuoso15577, host=s2424). ICRP is turned on. Total timeout is 180 seconds. Connection timeout is 90 seconds.
\o INFO (ELI-00303) Step 1: Connecting to parent. Time spent is 0 seconds.
\o INFO (ELI-00304) The registration of the child 10924 within 90 seconds is being processed...
\o INFO (ELI-00305) The result of registration is true. Time spent is 0 seconds.
\o INFO (ELI-00308) The connection has ended. Result is true. Total time spent is 0 seconds.
\# Memory report: using         315 MB, process size 1,633 MB at UTC 2021.12.14 14:06:46.736
\w *WARNING* The directory: '/home/saul/projects/KISTA/KISTA' does not exist
\w 	but was defined in libFile '/home/saul/projects/KISTA/cds.lib' for Lib 'KISTA'.
\o *Info*    Client has finished starting ... 
\o 
\p > 
\a _treeSetOpcGUI(t)
\r t
\# Available memory:         36,815 MB at UTC 2021.12.14 14:06:54.309
\# Memory report: Maximum memory size now 37,134 MB at UTC 2021.12.14 14:06:54.309
\# Thread usage report: 33 active threads, active load 1.00 at UTC 2021.12.14 14:06:54.310
\o Loading vqp.cxt 
\o 
\o 
\o *Info*    Configuring the session ...
\o 
\o 	Library      = KISTA_TEST_ANALOG
\o 	Cell         = test_pmos_dc
\o 	View         = schematic
\o 	Simulator    = spectre
\o 	State Path   = $AXL_SETUPDB_DIR/test_states
\o 	State Name   = KISTA_TEST_ANALOG:test_pmos_dc:1:1_KISTA_TEST_ANALOG:test_pmos_dc:1:1_state_Interactive.7
\o 	Results DB   = /home/saul/projects/KISTA/KISTA_TEST_ANALOG/test_pmos_dc/adexl/results/data/Interactive.7.rdb
\o 	Results Dir  = /home/saul/simulation/KISTA_TEST_ANALOG/test_pmos_dc/adexl/results/data/Interactive.7/1/KISTA_TEST_ANALOG:test_pmos_dc:1:1
\o 	Results Loc  = /home/saul/simulation/KISTA_TEST_ANALOG/test_pmos_dc/adexl/results/data
\o 	Project Dir  = /home/saul/simulation
\o 	Setup DB loc = /home/saul/projects/KISTA/KISTA_TEST_ANALOG/test_pmos_dc/adexl
\o 	File Encoding = 0
\o 
\o 
\o Loading simui.cxt 
\o Loading vdsil.cxt 
\o Loading viva.cxt 
\w *WARNING* The directory: '/home/saul/projects/KISTA/KISTA' does not exist
\w 	but was defined in libFile '/home/saul/projects/KISTA/cds.lib' for Lib 'KISTA'.
\o KISTA libInit.il file is loaded
\o initializing MOS callbacks
\o INFO (TECH-150003): The technology database "analogLib" has been automatically
\o updated from revision 226610(DM 0) to revision 227612(DM 3) in virtual memory.
\o Loading spectrei.cxt 
\o Loading devCheck.cxt 
\o Loading relXpert.cxt 
\o Loading hspiceD.cxt 
\o Loading spectreinl.cxt 
\o Loading msgHandler.cxt 
\o Loading UltraSim.cxt 
\o Loading AMSOSS.cxt 
\o Loading AMS.cxt 
\# Memory report: using         418 MB, process size 1,738 MB at UTC 2021.12.14 14:07:47.050
\o 
\o *Info*    The auto suspension is disabled.
\o 
\o Loading monte.cxt 
\o 
\o 
\o 
\o 
\o 
\o *Info*    Run start for Point ID (7 1) on testbench [
\o           KISTA_TEST_ANALOG:test_pmos_dc:1:1 ].
\o 
\o Resetting statistical vars
\o 
\o *Info*    Setting parameter values ...
\o 
\o Setting var VDS1 = "0"
\o Setting var VGS1 = "0.5"
\o Setting temp(T) = 27
\o 
\o *Info*    Netlist Directory =
\o           /home/saul/simulation/KISTA_TEST_ANALOG/test_pmos_dc/adexl/results/data/Interactive.7/1/KISTA_TEST_ANALOG:test_pmos_dc:1:1/netlist
\o 
\o 
\o *Info*    Data Directory    =
\o           /home/saul/simulation/KISTA_TEST_ANALOG/test_pmos_dc/adexl/results/data/Interactive.7/1/KISTA_TEST_ANALOG:test_pmos_dc:1:1
\o 
\o 
\o *Info*    Creating Netlist for Point ID (7 1)
\o 
\o generate netlist...
\o Loading seCore.cxt 
\o Begin Incremental Netlisting Dec 14 15:07:47 2021
\o End netlisting Dec 14 15:07:47 2021
\o 
\o 	The netlist is up to date.
\o 	Time taken to compare the design with netlist:   0.0s
\o       ...successful.
\o compose simulator input file...
\o       ...successful.
\o 
\o *Info*    Running simulation on testbench [
\o           KISTA_TEST_ANALOG:test_pmos_dc:1:1 ] for Point ID (7 1).
\o 
\o Delete psf data in /home/saul/simulation/KISTA_TEST_ANALOG/test_pmos_dc/adexl/results/data/Interactive.7/1/KISTA_TEST_ANALOG:test_pmos_dc:1:1/psf.
\o compose simulator input file...
\o       ...successful.
\o start simulator if needed...
\o       ...successful.
\o simulate...
\o To view the simulator output, right-click on the test name, result 
\o name, or any value in the "Results" tab of the Outputs section and 
\o choose "Output Log" menu option.
\o Loading paraplot.cxt 
\o INFO (ADE-3071): Simulation completed successfully.
\o reading simulation data...
\o       ...successful.
\o *Info*    Client has finished evaluating ... 
\o 
\o 
\o *Info*    Run complete for Point ID (7 1) on testbench [
\o           KISTA_TEST_ANALOG:test_pmos_dc:1:1 ].
\o 
\o 
\o 
\o 
\o 
\o 
\o 
\o 
\o 
\o 
\o *Info*    Run start for Point ID (7 2) on testbench [
\o           KISTA_TEST_ANALOG:test_pmos_dc:1:1 ].
\o 
\o Resetting statistical vars
\o 
\o *Info*    Setting parameter values ...
\o 
\o Setting var VDS1 = "0.1"
\o 
\o *Info*    Netlist Directory =
\o           /home/saul/simulation/KISTA_TEST_ANALOG/test_pmos_dc/adexl/results/data/Interactive.7/2/KISTA_TEST_ANALOG:test_pmos_dc:1:1/netlist
\o 
\o 
\o *Info*    Data Directory    =
\o           /home/saul/simulation/KISTA_TEST_ANALOG/test_pmos_dc/adexl/results/data/Interactive.7/2/KISTA_TEST_ANALOG:test_pmos_dc:1:1
\o 
\o 
\o *Info*    Creating Netlist for Point ID (7 2)
\o 
\o generate netlist...
\o Begin Incremental Netlisting Dec 14 15:07:48 2021
\o End netlisting Dec 14 15:07:48 2021
\o 
\o 	The netlist is up to date.
\o 	Time taken to compare the design with netlist:   0.0s
\o       ...successful.
\o compose simulator input file...
\o       ...successful.
\o 
\o *Info*    Running simulation on testbench [
\o           KISTA_TEST_ANALOG:test_pmos_dc:1:1 ] for Point ID (7 2).
\o 
\o Delete psf data in /home/saul/simulation/KISTA_TEST_ANALOG/test_pmos_dc/adexl/results/data/Interactive.7/2/KISTA_TEST_ANALOG:test_pmos_dc:1:1/psf.
\o compose simulator input file...
\o       ...successful.
\o start simulator if needed...
\o       ...successful.
\o simulate...
\o To view the simulator output, right-click on the test name, result 
\o name, or any value in the "Results" tab of the Outputs section and 
\o choose "Output Log" menu option.
\o INFO (ADE-3071): Simulation completed successfully.
\o reading simulation data...
\o       ...successful.
\o *Info*    Client has finished evaluating ... 
\o 
\o 
\o *Info*    Run complete for Point ID (7 2) on testbench [
\o           KISTA_TEST_ANALOG:test_pmos_dc:1:1 ].
\o 
\o 
\o 
\o 
\o 
\o 
\o 
\o 
\o 
\o 
\o *Info*    Run start for Point ID (7 3) on testbench [
\o           KISTA_TEST_ANALOG:test_pmos_dc:1:1 ].
\o 
\o Resetting statistical vars
\o 
\o *Info*    Setting parameter values ...
\o 
\o Setting var VDS1 = "0.2"
\o 
\o *Info*    Netlist Directory =
\o           /home/saul/simulation/KISTA_TEST_ANALOG/test_pmos_dc/adexl/results/data/Interactive.7/3/KISTA_TEST_ANALOG:test_pmos_dc:1:1/netlist
\o 
\o 
\o *Info*    Data Directory    =
\o           /home/saul/simulation/KISTA_TEST_ANALOG/test_pmos_dc/adexl/results/data/Interactive.7/3/KISTA_TEST_ANALOG:test_pmos_dc:1:1
\o 
\o 
\o *Info*    Creating Netlist for Point ID (7 3)
\o 
\o generate netlist...
\o Begin Incremental Netlisting Dec 14 15:07:49 2021
\o End netlisting Dec 14 15:07:49 2021
\o 
\o 	The netlist is up to date.
\o 	Time taken to compare the design with netlist:   0.0s
\o       ...successful.
\o compose simulator input file...
\o       ...successful.
\o 
\o *Info*    Running simulation on testbench [
\o           KISTA_TEST_ANALOG:test_pmos_dc:1:1 ] for Point ID (7 3).
\o 
\o Delete psf data in /home/saul/simulation/KISTA_TEST_ANALOG/test_pmos_dc/adexl/results/data/Interactive.7/3/KISTA_TEST_ANALOG:test_pmos_dc:1:1/psf.
\o compose simulator input file...
\o       ...successful.
\o start simulator if needed...
\o       ...successful.
\o simulate...
\o To view the simulator output, right-click on the test name, result 
\o name, or any value in the "Results" tab of the Outputs section and 
\o choose "Output Log" menu option.
\o INFO (ADE-3071): Simulation completed successfully.
\o reading simulation data...
\o       ...successful.
\o *Info*    Client has finished evaluating ... 
\o 
\o 
\o *Info*    Run complete for Point ID (7 3) on testbench [
\o           KISTA_TEST_ANALOG:test_pmos_dc:1:1 ].
\o 
\o 
\o 
\o 
\o 
\o 
\o 
\o 
\o 
\o 
\o *Info*    Run start for Point ID (7 4) on testbench [
\o           KISTA_TEST_ANALOG:test_pmos_dc:1:1 ].
\o 
\o Resetting statistical vars
\o 
\o *Info*    Setting parameter values ...
\o 
\o Setting var VDS1 = "0.3"
\o 
\o *Info*    Netlist Directory =
\o           /home/saul/simulation/KISTA_TEST_ANALOG/test_pmos_dc/adexl/results/data/Interactive.7/4/KISTA_TEST_ANALOG:test_pmos_dc:1:1/netlist
\o 
\o 
\o *Info*    Data Directory    =
\o           /home/saul/simulation/KISTA_TEST_ANALOG/test_pmos_dc/adexl/results/data/Interactive.7/4/KISTA_TEST_ANALOG:test_pmos_dc:1:1
\o 
\o 
\o *Info*    Creating Netlist for Point ID (7 4)
\o 
\o generate netlist...
\o Begin Incremental Netlisting Dec 14 15:07:50 2021
\o End netlisting Dec 14 15:07:50 2021
\o 
\o 	The netlist is up to date.
\o 	Time taken to compare the design with netlist:   0.0s
\o       ...successful.
\o compose simulator input file...
\o       ...successful.
\o 
\o *Info*    Running simulation on testbench [
\o           KISTA_TEST_ANALOG:test_pmos_dc:1:1 ] for Point ID (7 4).
\o 
\o Delete psf data in /home/saul/simulation/KISTA_TEST_ANALOG/test_pmos_dc/adexl/results/data/Interactive.7/4/KISTA_TEST_ANALOG:test_pmos_dc:1:1/psf.
\o compose simulator input file...
\o       ...successful.
\o start simulator if needed...
\o       ...successful.
\o simulate...
\o To view the simulator output, right-click on the test name, result 
\o name, or any value in the "Results" tab of the Outputs section and 
\o choose "Output Log" menu option.
\o INFO (ADE-3071): Simulation completed successfully.
\o reading simulation data...
\o       ...successful.
\o *Info*    Client has finished evaluating ... 
\o 
\o 
\o *Info*    Run complete for Point ID (7 4) on testbench [
\o           KISTA_TEST_ANALOG:test_pmos_dc:1:1 ].
\o 
\o 
\o 
\o 
\o 
\o 
\o 
\o 
\o 
\o 
\o *Info*    Run start for Point ID (7 5) on testbench [
\o           KISTA_TEST_ANALOG:test_pmos_dc:1:1 ].
\o 
\o Resetting statistical vars
\o 
\o *Info*    Setting parameter values ...
\o 
\o Setting var VDS1 = "0.4"
\o 
\o *Info*    Netlist Directory =
\o           /home/saul/simulation/KISTA_TEST_ANALOG/test_pmos_dc/adexl/results/data/Interactive.7/5/KISTA_TEST_ANALOG:test_pmos_dc:1:1/netlist
\o 
\o 
\o *Info*    Data Directory    =
\o           /home/saul/simulation/KISTA_TEST_ANALOG/test_pmos_dc/adexl/results/data/Interactive.7/5/KISTA_TEST_ANALOG:test_pmos_dc:1:1
\o 
\o 
\o *Info*    Creating Netlist for Point ID (7 5)
\o 
\o generate netlist...
\o Begin Incremental Netlisting Dec 14 15:07:51 2021
\o End netlisting Dec 14 15:07:51 2021
\o 
\o 	The netlist is up to date.
\o 	Time taken to compare the design with netlist:   0.0s
\o       ...successful.
\o compose simulator input file...
\o       ...successful.
\o 
\o *Info*    Running simulation on testbench [
\o           KISTA_TEST_ANALOG:test_pmos_dc:1:1 ] for Point ID (7 5).
\o 
\o Delete psf data in /home/saul/simulation/KISTA_TEST_ANALOG/test_pmos_dc/adexl/results/data/Interactive.7/5/KISTA_TEST_ANALOG:test_pmos_dc:1:1/psf.
\o compose simulator input file...
\o       ...successful.
\o start simulator if needed...
\o       ...successful.
\o simulate...
\o To view the simulator output, right-click on the test name, result 
\o name, or any value in the "Results" tab of the Outputs section and 
\o choose "Output Log" menu option.
\o INFO (ADE-3071): Simulation completed successfully.
\o reading simulation data...
\o       ...successful.
\o *Info*    Client has finished evaluating ... 
\o 
\o 
\o *Info*    Run complete for Point ID (7 5) on testbench [
\o           KISTA_TEST_ANALOG:test_pmos_dc:1:1 ].
\o 
\o 
\o 
\o 
\o 
\o 
\o 
\o 
\o 
\o 
\o *Info*    Run start for Point ID (7 6) on testbench [
\o           KISTA_TEST_ANALOG:test_pmos_dc:1:1 ].
\o 
\o Resetting statistical vars
\o 
\o *Info*    Setting parameter values ...
\o 
\o Setting var VDS1 = "0.5"
\o 
\o *Info*    Netlist Directory =
\o           /home/saul/simulation/KISTA_TEST_ANALOG/test_pmos_dc/adexl/results/data/Interactive.7/6/KISTA_TEST_ANALOG:test_pmos_dc:1:1/netlist
\o 
\o 
\o *Info*    Data Directory    =
\o           /home/saul/simulation/KISTA_TEST_ANALOG/test_pmos_dc/adexl/results/data/Interactive.7/6/KISTA_TEST_ANALOG:test_pmos_dc:1:1
\o 
\o 
\o *Info*    Creating Netlist for Point ID (7 6)
\o 
\o generate netlist...
\o Begin Incremental Netlisting Dec 14 15:07:51 2021
\o End netlisting Dec 14 15:07:51 2021
\o 
\o 	The netlist is up to date.
\o 	Time taken to compare the design with netlist:   0.0s
\o       ...successful.
\o compose simulator input file...
\o       ...successful.
\o 
\o *Info*    Running simulation on testbench [
\o           KISTA_TEST_ANALOG:test_pmos_dc:1:1 ] for Point ID (7 6).
\o 
\o Delete psf data in /home/saul/simulation/KISTA_TEST_ANALOG/test_pmos_dc/adexl/results/data/Interactive.7/6/KISTA_TEST_ANALOG:test_pmos_dc:1:1/psf.
\o compose simulator input file...
\o       ...successful.
\o start simulator if needed...
\o       ...successful.
\o simulate...
\o To view the simulator output, right-click on the test name, result 
\o name, or any value in the "Results" tab of the Outputs section and 
\o choose "Output Log" menu option.
\o INFO (ADE-3071): Simulation completed successfully.
\o reading simulation data...
\o       ...successful.
\o *Info*    Client has finished evaluating ... 
\o 
\o 
\o *Info*    Run complete for Point ID (7 6) on testbench [
\o           KISTA_TEST_ANALOG:test_pmos_dc:1:1 ].
\o 
\o 
\o 
\o 
\o 
\o 
\o 
\o 
\o 
\o 
\o *Info*    Run start for Point ID (7 7) on testbench [
\o           KISTA_TEST_ANALOG:test_pmos_dc:1:1 ].
\o 
\o Resetting statistical vars
\o 
\o *Info*    Setting parameter values ...
\o 
\o Setting var VDS1 = "0.6"
\o 
\o *Info*    Netlist Directory =
\o           /home/saul/simulation/KISTA_TEST_ANALOG/test_pmos_dc/adexl/results/data/Interactive.7/7/KISTA_TEST_ANALOG:test_pmos_dc:1:1/netlist
\o 
\o 
\o *Info*    Data Directory    =
\o           /home/saul/simulation/KISTA_TEST_ANALOG/test_pmos_dc/adexl/results/data/Interactive.7/7/KISTA_TEST_ANALOG:test_pmos_dc:1:1
\o 
\o 
\o *Info*    Creating Netlist for Point ID (7 7)
\o 
\o generate netlist...
\o Begin Incremental Netlisting Dec 14 15:07:52 2021
\o End netlisting Dec 14 15:07:52 2021
\o 
\o 	The netlist is up to date.
\o 	Time taken to compare the design with netlist:   0.0s
\o       ...successful.
\o compose simulator input file...
\o       ...successful.
\o 
\o *Info*    Running simulation on testbench [
\o           KISTA_TEST_ANALOG:test_pmos_dc:1:1 ] for Point ID (7 7).
\o 
\o Delete psf data in /home/saul/simulation/KISTA_TEST_ANALOG/test_pmos_dc/adexl/results/data/Interactive.7/7/KISTA_TEST_ANALOG:test_pmos_dc:1:1/psf.
\o compose simulator input file...
\o       ...successful.
\o start simulator if needed...
\o       ...successful.
\o simulate...
\o To view the simulator output, right-click on the test name, result 
\o name, or any value in the "Results" tab of the Outputs section and 
\o choose "Output Log" menu option.
\o INFO (ADE-3071): Simulation completed successfully.
\o reading simulation data...
\o       ...successful.
\o *Info*    Client has finished evaluating ... 
\o 
\o 
\o *Info*    Run complete for Point ID (7 7) on testbench [
\o           KISTA_TEST_ANALOG:test_pmos_dc:1:1 ].
\o 
\o 
\o 
\o 
\o 
\o 
\o 
\o 
\o 
\o 
\o *Info*    Run start for Point ID (7 8) on testbench [
\o           KISTA_TEST_ANALOG:test_pmos_dc:1:1 ].
\o 
\o Resetting statistical vars
\o 
\o *Info*    Setting parameter values ...
\o 
\o Setting var VDS1 = "0.7"
\o 
\o *Info*    Netlist Directory =
\o           /home/saul/simulation/KISTA_TEST_ANALOG/test_pmos_dc/adexl/results/data/Interactive.7/8/KISTA_TEST_ANALOG:test_pmos_dc:1:1/netlist
\o 
\o 
\o *Info*    Data Directory    =
\o           /home/saul/simulation/KISTA_TEST_ANALOG/test_pmos_dc/adexl/results/data/Interactive.7/8/KISTA_TEST_ANALOG:test_pmos_dc:1:1
\o 
\o 
\o *Info*    Creating Netlist for Point ID (7 8)
\o 
\o generate netlist...
\o Begin Incremental Netlisting Dec 14 15:07:53 2021
\o End netlisting Dec 14 15:07:53 2021
\o 
\o 	The netlist is up to date.
\o 	Time taken to compare the design with netlist:   0.0s
\o       ...successful.
\o compose simulator input file...
\o       ...successful.
\o 
\o *Info*    Running simulation on testbench [
\o           KISTA_TEST_ANALOG:test_pmos_dc:1:1 ] for Point ID (7 8).
\o 
\o Delete psf data in /home/saul/simulation/KISTA_TEST_ANALOG/test_pmos_dc/adexl/results/data/Interactive.7/8/KISTA_TEST_ANALOG:test_pmos_dc:1:1/psf.
\o compose simulator input file...
\o       ...successful.
\o start simulator if needed...
\o       ...successful.
\o simulate...
\o To view the simulator output, right-click on the test name, result 
\o name, or any value in the "Results" tab of the Outputs section and 
\o choose "Output Log" menu option.
\o INFO (ADE-3071): Simulation completed successfully.
\o reading simulation data...
\o       ...successful.
\o *Info*    Client has finished evaluating ... 
\o 
\o 
\o *Info*    Run complete for Point ID (7 8) on testbench [
\o           KISTA_TEST_ANALOG:test_pmos_dc:1:1 ].
\o 
\o 
\o 
\o 
\o 
\o 
\o 
\o 
\o 
\o 
\o *Info*    Run start for Point ID (7 9) on testbench [
\o           KISTA_TEST_ANALOG:test_pmos_dc:1:1 ].
\o 
\o Resetting statistical vars
\o 
\o *Info*    Setting parameter values ...
\o 
\o Setting var VDS1 = "0.8"
\o 
\o *Info*    Netlist Directory =
\o           /home/saul/simulation/KISTA_TEST_ANALOG/test_pmos_dc/adexl/results/data/Interactive.7/9/KISTA_TEST_ANALOG:test_pmos_dc:1:1/netlist
\o 
\o 
\o *Info*    Data Directory    =
\o           /home/saul/simulation/KISTA_TEST_ANALOG/test_pmos_dc/adexl/results/data/Interactive.7/9/KISTA_TEST_ANALOG:test_pmos_dc:1:1
\o 
\o 
\o *Info*    Creating Netlist for Point ID (7 9)
\o 
\o generate netlist...
\o Begin Incremental Netlisting Dec 14 15:07:54 2021
\o End netlisting Dec 14 15:07:54 2021
\o 
\o 	The netlist is up to date.
\o 	Time taken to compare the design with netlist:   0.0s
\o       ...successful.
\o compose simulator input file...
\o       ...successful.
\o 
\o *Info*    Running simulation on testbench [
\o           KISTA_TEST_ANALOG:test_pmos_dc:1:1 ] for Point ID (7 9).
\o 
\o Delete psf data in /home/saul/simulation/KISTA_TEST_ANALOG/test_pmos_dc/adexl/results/data/Interactive.7/9/KISTA_TEST_ANALOG:test_pmos_dc:1:1/psf.
\o compose simulator input file...
\o       ...successful.
\o start simulator if needed...
\o       ...successful.
\o simulate...
\o To view the simulator output, right-click on the test name, result 
\o name, or any value in the "Results" tab of the Outputs section and 
\o choose "Output Log" menu option.
\o INFO (ADE-3071): Simulation completed successfully.
\o reading simulation data...
\o       ...successful.
\o *Info*    Client has finished evaluating ... 
\o 
\o 
\o *Info*    Run complete for Point ID (7 9) on testbench [
\o           KISTA_TEST_ANALOG:test_pmos_dc:1:1 ].
\o 
\o 
\o 
\o 
\o 
\o 
\o 
\o 
\o 
\o 
\o *Info*    Run start for Point ID (7 10) on testbench [
\o           KISTA_TEST_ANALOG:test_pmos_dc:1:1 ].
\o 
\o Resetting statistical vars
\o 
\o *Info*    Setting parameter values ...
\o 
\o Setting var VDS1 = "0.9"
\o 
\o *Info*    Netlist Directory =
\o           /home/saul/simulation/KISTA_TEST_ANALOG/test_pmos_dc/adexl/results/data/Interactive.7/10/KISTA_TEST_ANALOG:test_pmos_dc:1:1/netlist
\o 
\o 
\o *Info*    Data Directory    =
\o           /home/saul/simulation/KISTA_TEST_ANALOG/test_pmos_dc/adexl/results/data/Interactive.7/10/KISTA_TEST_ANALOG:test_pmos_dc:1:1
\o 
\o 
\o *Info*    Creating Netlist for Point ID (7 10)
\o 
\o generate netlist...
\o Begin Incremental Netlisting Dec 14 15:07:55 2021
\o End netlisting Dec 14 15:07:55 2021
\o 
\o 	The netlist is up to date.
\o 	Time taken to compare the design with netlist:   0.0s
\o       ...successful.
\o compose simulator input file...
\o       ...successful.
\o 
\o *Info*    Running simulation on testbench [
\o           KISTA_TEST_ANALOG:test_pmos_dc:1:1 ] for Point ID (7 10).
\o 
\o Delete psf data in /home/saul/simulation/KISTA_TEST_ANALOG/test_pmos_dc/adexl/results/data/Interactive.7/10/KISTA_TEST_ANALOG:test_pmos_dc:1:1/psf.
\o compose simulator input file...
\o       ...successful.
\o start simulator if needed...
\o       ...successful.
\o simulate...
\o To view the simulator output, right-click on the test name, result 
\o name, or any value in the "Results" tab of the Outputs section and 
\o choose "Output Log" menu option.
\o INFO (ADE-3071): Simulation completed successfully.
\o reading simulation data...
\o       ...successful.
\o *Info*    Client has finished evaluating ... 
\o 
\o 
\o *Info*    Run complete for Point ID (7 10) on testbench [
\o           KISTA_TEST_ANALOG:test_pmos_dc:1:1 ].
\o 
\o 
\o 
\o 
\o 
\o 
\o 
\o 
\o 
\o 
\o *Info*    Run start for Point ID (7 11) on testbench [
\o           KISTA_TEST_ANALOG:test_pmos_dc:1:1 ].
\o 
\o Resetting statistical vars
\o 
\o *Info*    Setting parameter values ...
\o 
\o Setting var VDS1 = "1"
\o 
\o *Info*    Netlist Directory =
\o           /home/saul/simulation/KISTA_TEST_ANALOG/test_pmos_dc/adexl/results/data/Interactive.7/11/KISTA_TEST_ANALOG:test_pmos_dc:1:1/netlist
\o 
\o 
\o *Info*    Data Directory    =
\o           /home/saul/simulation/KISTA_TEST_ANALOG/test_pmos_dc/adexl/results/data/Interactive.7/11/KISTA_TEST_ANALOG:test_pmos_dc:1:1
\o 
\o 
\o *Info*    Creating Netlist for Point ID (7 11)
\o 
\o generate netlist...
\o Begin Incremental Netlisting Dec 14 15:07:56 2021
\o End netlisting Dec 14 15:07:56 2021
\o 
\o 	The netlist is up to date.
\o 	Time taken to compare the design with netlist:   0.0s
\o       ...successful.
\o compose simulator input file...
\o       ...successful.
\o 
\o *Info*    Running simulation on testbench [
\o           KISTA_TEST_ANALOG:test_pmos_dc:1:1 ] for Point ID (7 11).
\o 
\o Delete psf data in /home/saul/simulation/KISTA_TEST_ANALOG/test_pmos_dc/adexl/results/data/Interactive.7/11/KISTA_TEST_ANALOG:test_pmos_dc:1:1/psf.
\o compose simulator input file...
\o       ...successful.
\o start simulator if needed...
\o       ...successful.
\o simulate...
\o To view the simulator output, right-click on the test name, result 
\o name, or any value in the "Results" tab of the Outputs section and 
\o choose "Output Log" menu option.
\o INFO (ADE-3071): Simulation completed successfully.
\o reading simulation data...
\o       ...successful.
\o *Info*    Client has finished evaluating ... 
\o 
\o 
\o *Info*    Run complete for Point ID (7 11) on testbench [
\o           KISTA_TEST_ANALOG:test_pmos_dc:1:1 ].
\o 
\o 
\o 
\o 
\o 
\o 
\o 
\o 
\o 
\o 
\o *Info*    Run start for Point ID (7 12) on testbench [
\o           KISTA_TEST_ANALOG:test_pmos_dc:1:1 ].
\o 
\o Resetting statistical vars
\o 
\o *Info*    Setting parameter values ...
\o 
\o Setting var VDS1 = "1.1"
\o 
\o *Info*    Netlist Directory =
\o           /home/saul/simulation/KISTA_TEST_ANALOG/test_pmos_dc/adexl/results/data/Interactive.7/12/KISTA_TEST_ANALOG:test_pmos_dc:1:1/netlist
\o 
\o 
\o *Info*    Data Directory    =
\o           /home/saul/simulation/KISTA_TEST_ANALOG/test_pmos_dc/adexl/results/data/Interactive.7/12/KISTA_TEST_ANALOG:test_pmos_dc:1:1
\o 
\o 
\o *Info*    Creating Netlist for Point ID (7 12)
\o 
\o generate netlist...
\o Begin Incremental Netlisting Dec 14 15:07:57 2021
\o End netlisting Dec 14 15:07:57 2021
\o 
\o 	The netlist is up to date.
\o 	Time taken to compare the design with netlist:   0.0s
\o       ...successful.
\o compose simulator input file...
\o       ...successful.
\o 
\o *Info*    Running simulation on testbench [
\o           KISTA_TEST_ANALOG:test_pmos_dc:1:1 ] for Point ID (7 12).
\o 
\o Delete psf data in /home/saul/simulation/KISTA_TEST_ANALOG/test_pmos_dc/adexl/results/data/Interactive.7/12/KISTA_TEST_ANALOG:test_pmos_dc:1:1/psf.
\o compose simulator input file...
\o       ...successful.
\o start simulator if needed...
\o       ...successful.
\o simulate...
\o To view the simulator output, right-click on the test name, result 
\o name, or any value in the "Results" tab of the Outputs section and 
\o choose "Output Log" menu option.
\o INFO (ADE-3071): Simulation completed successfully.
\o reading simulation data...
\o       ...successful.
\o *Info*    Client has finished evaluating ... 
\o 
\o 
\o *Info*    Run complete for Point ID (7 12) on testbench [
\o           KISTA_TEST_ANALOG:test_pmos_dc:1:1 ].
\o 
\o 
\o 
\o 
\o 
\o 
\o 
\o 
\o 
\o 
\o *Info*    Run start for Point ID (7 13) on testbench [
\o           KISTA_TEST_ANALOG:test_pmos_dc:1:1 ].
\o 
\o Resetting statistical vars
\o 
\o *Info*    Setting parameter values ...
\o 
\o Setting var VDS1 = "1.2"
\o 
\o *Info*    Netlist Directory =
\o           /home/saul/simulation/KISTA_TEST_ANALOG/test_pmos_dc/adexl/results/data/Interactive.7/13/KISTA_TEST_ANALOG:test_pmos_dc:1:1/netlist
\o 
\o 
\o *Info*    Data Directory    =
\o           /home/saul/simulation/KISTA_TEST_ANALOG/test_pmos_dc/adexl/results/data/Interactive.7/13/KISTA_TEST_ANALOG:test_pmos_dc:1:1
\o 
\o 
\o *Info*    Creating Netlist for Point ID (7 13)
\o 
\o generate netlist...
\o Begin Incremental Netlisting Dec 14 15:07:58 2021
\o End netlisting Dec 14 15:07:58 2021
\o 
\o 	The netlist is up to date.
\o 	Time taken to compare the design with netlist:   0.0s
\o       ...successful.
\o compose simulator input file...
\o       ...successful.
\o 
\o *Info*    Running simulation on testbench [
\o           KISTA_TEST_ANALOG:test_pmos_dc:1:1 ] for Point ID (7 13).
\o 
\o Delete psf data in /home/saul/simulation/KISTA_TEST_ANALOG/test_pmos_dc/adexl/results/data/Interactive.7/13/KISTA_TEST_ANALOG:test_pmos_dc:1:1/psf.
\o compose simulator input file...
\o       ...successful.
\o start simulator if needed...
\o       ...successful.
\o simulate...
\o To view the simulator output, right-click on the test name, result 
\o name, or any value in the "Results" tab of the Outputs section and 
\o choose "Output Log" menu option.
\o INFO (ADE-3071): Simulation completed successfully.
\o reading simulation data...
\o       ...successful.
\o *Info*    Client has finished evaluating ... 
\o 
\o 
\o *Info*    Run complete for Point ID (7 13) on testbench [
\o           KISTA_TEST_ANALOG:test_pmos_dc:1:1 ].
\o 
\o 
\o 
\o 
\o 
\o 
\o 
\o 
\o 
\o 
\o *Info*    Run start for Point ID (7 14) on testbench [
\o           KISTA_TEST_ANALOG:test_pmos_dc:1:1 ].
\o 
\o Resetting statistical vars
\o 
\o *Info*    Setting parameter values ...
\o 
\o Setting var VDS1 = "1.3"
\o 
\o *Info*    Netlist Directory =
\o           /home/saul/simulation/KISTA_TEST_ANALOG/test_pmos_dc/adexl/results/data/Interactive.7/14/KISTA_TEST_ANALOG:test_pmos_dc:1:1/netlist
\o 
\o 
\o *Info*    Data Directory    =
\o           /home/saul/simulation/KISTA_TEST_ANALOG/test_pmos_dc/adexl/results/data/Interactive.7/14/KISTA_TEST_ANALOG:test_pmos_dc:1:1
\o 
\o 
\o *Info*    Creating Netlist for Point ID (7 14)
\o 
\o generate netlist...
\o Begin Incremental Netlisting Dec 14 15:07:59 2021
\o End netlisting Dec 14 15:07:59 2021
\o 
\o 	The netlist is up to date.
\o 	Time taken to compare the design with netlist:   0.0s
\o       ...successful.
\o compose simulator input file...
\o       ...successful.
\o 
\o *Info*    Running simulation on testbench [
\o           KISTA_TEST_ANALOG:test_pmos_dc:1:1 ] for Point ID (7 14).
\o 
\o Delete psf data in /home/saul/simulation/KISTA_TEST_ANALOG/test_pmos_dc/adexl/results/data/Interactive.7/14/KISTA_TEST_ANALOG:test_pmos_dc:1:1/psf.
\o compose simulator input file...
\o       ...successful.
\o start simulator if needed...
\o       ...successful.
\o simulate...
\o To view the simulator output, right-click on the test name, result 
\o name, or any value in the "Results" tab of the Outputs section and 
\o choose "Output Log" menu option.
\o INFO (ADE-3071): Simulation completed successfully.
\o reading simulation data...
\o       ...successful.
\o *Info*    Client has finished evaluating ... 
\o 
\o 
\o *Info*    Run complete for Point ID (7 14) on testbench [
\o           KISTA_TEST_ANALOG:test_pmos_dc:1:1 ].
\o 
\o 
\o 
\o 
\o 
\o 
\o 
\o 
\o 
\o 
\o *Info*    Run start for Point ID (7 15) on testbench [
\o           KISTA_TEST_ANALOG:test_pmos_dc:1:1 ].
\o 
\o Resetting statistical vars
\o 
\o *Info*    Setting parameter values ...
\o 
\o Setting var VDS1 = "1.4"
\o 
\o *Info*    Netlist Directory =
\o           /home/saul/simulation/KISTA_TEST_ANALOG/test_pmos_dc/adexl/results/data/Interactive.7/15/KISTA_TEST_ANALOG:test_pmos_dc:1:1/netlist
\o 
\o 
\o *Info*    Data Directory    =
\o           /home/saul/simulation/KISTA_TEST_ANALOG/test_pmos_dc/adexl/results/data/Interactive.7/15/KISTA_TEST_ANALOG:test_pmos_dc:1:1
\o 
\o 
\o *Info*    Creating Netlist for Point ID (7 15)
\o 
\o generate netlist...
\o Begin Incremental Netlisting Dec 14 15:08:00 2021
\o End netlisting Dec 14 15:08:00 2021
\o 
\o 	The netlist is up to date.
\o 	Time taken to compare the design with netlist:   0.0s
\o       ...successful.
\o compose simulator input file...
\o       ...successful.
\o 
\o *Info*    Running simulation on testbench [
\o           KISTA_TEST_ANALOG:test_pmos_dc:1:1 ] for Point ID (7 15).
\o 
\o Delete psf data in /home/saul/simulation/KISTA_TEST_ANALOG/test_pmos_dc/adexl/results/data/Interactive.7/15/KISTA_TEST_ANALOG:test_pmos_dc:1:1/psf.
\o compose simulator input file...
\o       ...successful.
\o start simulator if needed...
\o       ...successful.
\o simulate...
\o To view the simulator output, right-click on the test name, result 
\o name, or any value in the "Results" tab of the Outputs section and 
\o choose "Output Log" menu option.
\o INFO (ADE-3071): Simulation completed successfully.
\o reading simulation data...
\o       ...successful.
\o *Info*    Client has finished evaluating ... 
\o 
\o 
\o *Info*    Run complete for Point ID (7 15) on testbench [
\o           KISTA_TEST_ANALOG:test_pmos_dc:1:1 ].
\o 
\o 
\o 
\o 
\o 
\o 
\o 
\o 
\o 
\o 
\o *Info*    Run start for Point ID (7 16) on testbench [
\o           KISTA_TEST_ANALOG:test_pmos_dc:1:1 ].
\o 
\o Resetting statistical vars
\o 
\o *Info*    Setting parameter values ...
\o 
\o Setting var VDS1 = "1.5"
\o 
\o *Info*    Netlist Directory =
\o           /home/saul/simulation/KISTA_TEST_ANALOG/test_pmos_dc/adexl/results/data/Interactive.7/16/KISTA_TEST_ANALOG:test_pmos_dc:1:1/netlist
\o 
\o 
\o *Info*    Data Directory    =
\o           /home/saul/simulation/KISTA_TEST_ANALOG/test_pmos_dc/adexl/results/data/Interactive.7/16/KISTA_TEST_ANALOG:test_pmos_dc:1:1
\o 
\o 
\o *Info*    Creating Netlist for Point ID (7 16)
\o 
\o generate netlist...
\o Begin Incremental Netlisting Dec 14 15:08:01 2021
\o End netlisting Dec 14 15:08:01 2021
\o 
\o 	The netlist is up to date.
\o 	Time taken to compare the design with netlist:   0.0s
\o       ...successful.
\o compose simulator input file...
\o       ...successful.
\o 
\o *Info*    Running simulation on testbench [
\o           KISTA_TEST_ANALOG:test_pmos_dc:1:1 ] for Point ID (7 16).
\o 
\o Delete psf data in /home/saul/simulation/KISTA_TEST_ANALOG/test_pmos_dc/adexl/results/data/Interactive.7/16/KISTA_TEST_ANALOG:test_pmos_dc:1:1/psf.
\o compose simulator input file...
\o       ...successful.
\o start simulator if needed...
\o       ...successful.
\o simulate...
\o To view the simulator output, right-click on the test name, result 
\o name, or any value in the "Results" tab of the Outputs section and 
\o choose "Output Log" menu option.
\o INFO (ADE-3071): Simulation completed successfully.
\o reading simulation data...
\o       ...successful.
\o *Info*    Client has finished evaluating ... 
\o 
\o 
\o *Info*    Run complete for Point ID (7 16) on testbench [
\o           KISTA_TEST_ANALOG:test_pmos_dc:1:1 ].
\o 
\o 
\o 
\o 
\o 
\o 
\o 
\o 
\o 
\o 
\o *Info*    Run start for Point ID (7 17) on testbench [
\o           KISTA_TEST_ANALOG:test_pmos_dc:1:1 ].
\o 
\o Resetting statistical vars
\o 
\o *Info*    Setting parameter values ...
\o 
\o Setting var VDS1 = "1.6"
\o 
\o *Info*    Netlist Directory =
\o           /home/saul/simulation/KISTA_TEST_ANALOG/test_pmos_dc/adexl/results/data/Interactive.7/17/KISTA_TEST_ANALOG:test_pmos_dc:1:1/netlist
\o 
\o 
\o *Info*    Data Directory    =
\o           /home/saul/simulation/KISTA_TEST_ANALOG/test_pmos_dc/adexl/results/data/Interactive.7/17/KISTA_TEST_ANALOG:test_pmos_dc:1:1
\o 
\o 
\o *Info*    Creating Netlist for Point ID (7 17)
\o 
\o generate netlist...
\o Begin Incremental Netlisting Dec 14 15:08:02 2021
\o End netlisting Dec 14 15:08:02 2021
\o 
\o 	The netlist is up to date.
\o 	Time taken to compare the design with netlist:   0.0s
\o       ...successful.
\o compose simulator input file...
\o       ...successful.
\o 
\o *Info*    Running simulation on testbench [
\o           KISTA_TEST_ANALOG:test_pmos_dc:1:1 ] for Point ID (7 17).
\o 
\o Delete psf data in /home/saul/simulation/KISTA_TEST_ANALOG/test_pmos_dc/adexl/results/data/Interactive.7/17/KISTA_TEST_ANALOG:test_pmos_dc:1:1/psf.
\o compose simulator input file...
\o       ...successful.
\o start simulator if needed...
\o       ...successful.
\o simulate...
\o To view the simulator output, right-click on the test name, result 
\o name, or any value in the "Results" tab of the Outputs section and 
\o choose "Output Log" menu option.
\o INFO (ADE-3071): Simulation completed successfully.
\o reading simulation data...
\o       ...successful.
\o *Info*    Client has finished evaluating ... 
\o 
\o 
\o *Info*    Run complete for Point ID (7 17) on testbench [
\o           KISTA_TEST_ANALOG:test_pmos_dc:1:1 ].
\o 
\o 
\o 
\o 
\o 
\o 
\o 
\o 
\o 
\o 
\o *Info*    Run start for Point ID (7 18) on testbench [
\o           KISTA_TEST_ANALOG:test_pmos_dc:1:1 ].
\o 
\o Resetting statistical vars
\o 
\o *Info*    Setting parameter values ...
\o 
\o Setting var VDS1 = "1.7"
\o 
\o *Info*    Netlist Directory =
\o           /home/saul/simulation/KISTA_TEST_ANALOG/test_pmos_dc/adexl/results/data/Interactive.7/18/KISTA_TEST_ANALOG:test_pmos_dc:1:1/netlist
\o 
\o 
\o *Info*    Data Directory    =
\o           /home/saul/simulation/KISTA_TEST_ANALOG/test_pmos_dc/adexl/results/data/Interactive.7/18/KISTA_TEST_ANALOG:test_pmos_dc:1:1
\o 
\o 
\o *Info*    Creating Netlist for Point ID (7 18)
\o 
\o generate netlist...
\o Begin Incremental Netlisting Dec 14 15:08:02 2021
\o End netlisting Dec 14 15:08:02 2021
\o 
\o 	The netlist is up to date.
\o 	Time taken to compare the design with netlist:   0.0s
\o       ...successful.
\o compose simulator input file...
\o       ...successful.
\o 
\o *Info*    Running simulation on testbench [
\o           KISTA_TEST_ANALOG:test_pmos_dc:1:1 ] for Point ID (7 18).
\o 
\o Delete psf data in /home/saul/simulation/KISTA_TEST_ANALOG/test_pmos_dc/adexl/results/data/Interactive.7/18/KISTA_TEST_ANALOG:test_pmos_dc:1:1/psf.
\o compose simulator input file...
\o       ...successful.
\o start simulator if needed...
\o       ...successful.
\o simulate...
\o To view the simulator output, right-click on the test name, result 
\o name, or any value in the "Results" tab of the Outputs section and 
\o choose "Output Log" menu option.
\o INFO (ADE-3071): Simulation completed successfully.
\o reading simulation data...
\o       ...successful.
\o *Info*    Client has finished evaluating ... 
\o 
\o 
\o *Info*    Run complete for Point ID (7 18) on testbench [
\o           KISTA_TEST_ANALOG:test_pmos_dc:1:1 ].
\o 
\o 
\o 
\o 
\o 
\o 
\o 
\o 
\o 
\o 
\o *Info*    Run start for Point ID (7 19) on testbench [
\o           KISTA_TEST_ANALOG:test_pmos_dc:1:1 ].
\o 
\o Resetting statistical vars
\o 
\o *Info*    Setting parameter values ...
\o 
\o Setting var VDS1 = "1.8"
\o 
\o *Info*    Netlist Directory =
\o           /home/saul/simulation/KISTA_TEST_ANALOG/test_pmos_dc/adexl/results/data/Interactive.7/19/KISTA_TEST_ANALOG:test_pmos_dc:1:1/netlist
\o 
\o 
\o *Info*    Data Directory    =
\o           /home/saul/simulation/KISTA_TEST_ANALOG/test_pmos_dc/adexl/results/data/Interactive.7/19/KISTA_TEST_ANALOG:test_pmos_dc:1:1
\o 
\o 
\o *Info*    Creating Netlist for Point ID (7 19)
\o 
\o generate netlist...
\o Begin Incremental Netlisting Dec 14 15:08:03 2021
\o End netlisting Dec 14 15:08:03 2021
\o 
\o 	The netlist is up to date.
\o 	Time taken to compare the design with netlist:   0.0s
\o       ...successful.
\o compose simulator input file...
\o       ...successful.
\o 
\o *Info*    Running simulation on testbench [
\o           KISTA_TEST_ANALOG:test_pmos_dc:1:1 ] for Point ID (7 19).
\o 
\o Delete psf data in /home/saul/simulation/KISTA_TEST_ANALOG/test_pmos_dc/adexl/results/data/Interactive.7/19/KISTA_TEST_ANALOG:test_pmos_dc:1:1/psf.
\o compose simulator input file...
\o       ...successful.
\o start simulator if needed...
\o       ...successful.
\o simulate...
\o To view the simulator output, right-click on the test name, result 
\o name, or any value in the "Results" tab of the Outputs section and 
\o choose "Output Log" menu option.
\o INFO (ADE-3071): Simulation completed successfully.
\o reading simulation data...
\o       ...successful.
\o *Info*    Client has finished evaluating ... 
\o 
\o 
\o *Info*    Run complete for Point ID (7 19) on testbench [
\o           KISTA_TEST_ANALOG:test_pmos_dc:1:1 ].
\o 
\o 
\o 
\o 
\o 
\o 
\o *Info*    Received signal SIGTERM.
\o 
\o 
\o Simulation design variables differ from those on the cellView,
\o they have been saved in the file "/tmp/saved-design-variables2".
\o To save future changes, copy variables to cellView before exiting.
\# Memory report: on exit            428 MB, process size 1,772 MB at UTC 2021.12.14 14:09:48.277
\# Memory report: peak usage         428 MB, process size 1,772 MB
