*Info*    Exporting services from client ... 

*Info*    Client has finished starting ... 



*Info*    Configuring the session ...

	Library      = KISTA_TEST_ANALOG
	Cell         = test_pmos_dc
	View         = schematic
	Simulator    = spectre
	State Path   = $AXL_SETUPDB_DIR/test_states
	State Name   = KISTA_TEST_ANALOG:test_pmos_dc:1:1_KISTA_TEST_ANALOG:test_pmos_dc:1:1_state_Interactive.6
	Results DB   = /home/saul/projects/KISTA/KISTA_TEST_ANALOG/test_pmos_dc/adexl/results/data/Interactive.6.rdb
	Results Dir  = /home/saul/simulation/KISTA_TEST_ANALOG/test_pmos_dc/adexl/results/data/Interactive.6/1/KISTA_TEST_ANALOG:test_pmos_dc:1:1
	Results Loc  = /home/saul/simulation/KISTA_TEST_ANALOG/test_pmos_dc/adexl/results/data
	Project Dir  = /home/saul/simulation
	Setup DB loc = /home/saul/projects/KISTA/KISTA_TEST_ANALOG/test_pmos_dc/adexl
	File Encoding = 0


variable oasisVariableValue redefined
variable persistNewList redefined

*Info*    The auto suspension is disabled.






*Info*    Run start for Point ID (6 1) on testbench [
          KISTA_TEST_ANALOG:test_pmos_dc:1:1 ].

Resetting statistical vars

*Info*    Setting parameter values ...

Setting var VDS1 = "1.8"
Setting var VGS1 = "0.5"
Setting temp(T) = 27

*Info*    Netlist Directory =
          /home/saul/simulation/KISTA_TEST_ANALOG/test_pmos_dc/adexl/results/data/Interactive.6/1/KISTA_TEST_ANALOG:test_pmos_dc:1:1/netlist


*Info*    Data Directory    =
          /home/saul/simulation/KISTA_TEST_ANALOG/test_pmos_dc/adexl/results/data/Interactive.6/1/KISTA_TEST_ANALOG:test_pmos_dc:1:1


*Info*    Creating Netlist for Point ID (6 1)

generate netlist...
Initializing the control file using cp:
    cp /pkg/cadence/installs/IC618/tools.lnx86/dfII/etc/si/control.spectre /home/saul/simulation/KISTA_TEST_ANALOG/test_pmos_dc/adexl/results/data/Interactive.6/1/KISTA_TEST_ANALOG:test_pmos_dc:1:1/netlist/control
Copying Spectre source file 'spectre.inp'
Copying Spectre command file 'spectre.sim'
Begin Incremental Netlisting Dec 14 15:07:19 2021
End netlisting Dec 14 15:07:19 2021

Netlisting Statistics:
	Number of components:    3

	Elapsed time:          1.0s (3.00/s)
Errors: 0	Warnings: 0
      ...successful.
compose simulator input file...
      ...successful.

*Info*    Running simulation on testbench [
          KISTA_TEST_ANALOG:test_pmos_dc:1:1 ] for Point ID (6 1).

Delete psf data in /home/saul/simulation/KISTA_TEST_ANALOG/test_pmos_dc/adexl/results/data/Interactive.6/1/KISTA_TEST_ANALOG:test_pmos_dc:1:1/psf.
compose simulator input file...
      ...successful.
start simulator if needed...
      ...successful.
simulate...
To view the simulator output, right-click on the test name, result 
name, or any value in the "Results" tab of the Outputs section and 
choose "Output Log" menu option.
INFO (ADE-3071): Simulation completed successfully.
reading simulation data...
      ...successful.
*Info*    Client has finished evaluating ... 


*Info*    Run complete for Point ID (6 1) on testbench [
          KISTA_TEST_ANALOG:test_pmos_dc:1:1 ].





Simulation design variables differ from those on the cellView,
they have been saved in the file "/tmp/saved-design-variables2".
To save future changes, copy variables to cellView before exiting.
