*Info*    Exporting services from client ... 

*Info*    Client has finished starting ... 



*Info*    Configuring the session ...

	Library      = KISTA_TEST_AMS
	Cell         = test_ams_inv
	View         = config
	Simulator    = ams
	State Path   = $AXL_SETUPDB_DIR/test_states
	State Name   = KISTA_TEST_AMS:test_ams_inv:2_none_Interactive.17
	Results DB   = /home/saul/projects/KISTA/KISTA_TEST_AMS/test_ams_inv/adexl/results/data/Interactive.17.rdb
	Results Dir  = /home/saul/simulation/KISTA_TEST_AMS/test_ams_inv/adexl/results/data/Interactive.17/1/KISTA_TEST_AMS:test_ams_inv:2
	Results Loc  = /home/saul/simulation/KISTA_TEST_AMS/test_ams_inv/adexl/results/data
	Project Dir  = /home/saul/simulation
	Setup DB loc = /home/saul/projects/KISTA/KISTA_TEST_AMS/test_ams_inv/adexl
	File Encoding = 0


variable oasisVariableValue redefined
variable persistNewList redefined

*Info*    The auto suspension is disabled.






*Info*    Run start for Point ID (1 1) on testbench [
          KISTA_TEST_AMS:test_ams_inv:2 ].

Resetting statistical vars

*Info*    Setting parameter values ...

Setting temp(T) = 27

*Info*    Netlist Directory =
          /home/saul/simulation/KISTA_TEST_AMS/test_ams_inv/adexl/results/data/Interactive.17/1/KISTA_TEST_AMS:test_ams_inv:2/netlist


*Info*    Data Directory    =
          /home/saul/simulation/KISTA_TEST_AMS/test_ams_inv/adexl/results/data/Interactive.17/1/KISTA_TEST_AMS:test_ams_inv:2


*Info*    Creating Netlist for Point ID (1 1)

generate netlist...
INFO (AMS-2142): The AMS Unified Netlisting (AMS UNL) flow has been enabled.
INFO (AMS-2031): The instances bound to the views specified in the 'Netlist using spectre CDF simInfo'
 field in the Netlister form (Simulation->Options->Netlister) will be netlisted as
 analog primitives using the Spectre CDF simulation information.
Initializing the control file using cp:
    cp /pkg/cadence/installs/IC618/tools.lnx86/dfII/etc/si/control.ver /home/saul/simulation/KISTA_TEST_AMS/test_ams_inv/adexl/results/data/Interactive.17/1/KISTA_TEST_AMS:test_ams_inv:2/netlist/digital/control
Begin Netlisting Dec 17 10:32:14 2021
INFO (VLOGNET-60): The stimulus name mapped table will not be printed in the 
"/home/saul/simulation/KISTA_TEST_AMS/test_ams_inv/adexl/results/data/Interactive.17/1/KISTA_TEST_AMS:test_ams_inv:2/netlist/digital/testfixture.verilog" file. To print the stimulus name mapped table, set 
simVerilogPrintStimulusNameMappingTable = t either in CIW or the .simrc file 
before invoking Verilog netlister.
 
INFO (VLOGNET-62): Database internal net names will be printed for floating instance ports. To prevent 
them from being printed, set simVerilogProcessNullPorts = t either in CIW or 
the .simrc file.
 
INFO (VLOGNET-64): All cellviews in the design will be printed in the Netlist Configuration list. 
If you want to print only those cellviews that need to be re-netlisted in the 
list, set simVerilogIncrementalNetlistConfigList = t either in CIW or the 
.simrc file.
 
INFO (VLOGNET-68): The initial state of stimulus of all inout pins is set to "z". To get inout 
pins with initial state of "0", set hnlVerilogIOInitStimulusStr = "0" 
either in CIW or the .simrc file.
 
INFO (AMS-2150): Generating the 'changedVarsSummary' file in the 'netlist' directory. This file prints the values of the netlister control variables, which are different from their default values. To disable the file creation, type 'envSetVal("ams.netlisterOpts" "print_control_vars" 'boolean nil )' in the '.cdsinit' file.
INFO (VLOGNET-117): Re-netlisting the entire design.

INFO (VLOGNET-118): Using connection by name (explicit connections) for all stopping and 
non-stopping cells.
 
WARNING (VLOGNET-110): The cell 'KISTA_TEST_AMS/test_ams_inv/schematic' has no ports. Make sure that this was the intended 
design.
 
INFO (VLOGNET-126): ---------- Beginning netlist configuration information ----------



CELL NAME                   VIEW NAME            NOTE             
---------                   ---------            ----             

nmos3                       spectre              *Stopping View*  
pmos3                       spectre              *Stopping View*  
vdc                         spectre              *Stopping View*  
cap                         spectre              *Stopping View*  
vpulse                      spectre              *Stopping View*  
test_ams_inv                schematic                             
INVX1                       schematic                             

---------- End of netlist configuration information   ----------
Initializing the control file using cp:
    cp /pkg/cadence/installs/IC618/tools.lnx86/dfII/etc/si/control.spectre /home/saul/simulation/KISTA_TEST_AMS/test_ams_inv/adexl/results/data/Interactive.17/1/KISTA_TEST_AMS:test_ams_inv:2/netlist/analog/control
Copying Spectre source file 'spectre.inp'
Copying Spectre command file 'spectre.sim'
WARNING (ADE-6001): The number of terminals specified in CDF termOrder are more
           than the actual number of terminals in the cellview cell-view "KISTA_SOI_STDLIB" "INVX1" "schematic"
WARNING (ADE-6004): Mismatch was found between the terminals in the cellView and those on the
           termOrder property on the CDF. Because of the mismatch, the CDF termOrder will
           be ignored. The terminals in the cellView will be netlisted in the alphabetical
           order of their names. Eliminate the mismatch if you want the CDF termOrder
           property to be used for netlisting.
           To edit CDF of a cell, 
           i) Open CIW->Tools->CDF->Edit.
           ii) Select Library Name & Cell Name.
           iii) Click on the Edit button in the simulation information section of the
                Edit CDF window.
Running netlist assembly..

End netlisting Dec 17 10:32:20 2021
INFO (AMS-1241): AMS UNL netlisting has completed successfully.
To view the modules, right-click the test name on the Tests and Analyses 
assistant pane and choose Netlist->Display menu option.
      ...successful.
create cds_globals...
      ...successful.
compose simulator input file...
      ...successful.

*Info*    Running simulation on testbench [
          KISTA_TEST_AMS:test_ams_inv:2 ] for Point ID (1 1).

Delete simulation data in /home/saul/simulation/KISTA_TEST_AMS/test_ams_inv/adexl/results/data/Interactive.17/1/KISTA_TEST_AMS:test_ams_inv:2/psf.
create cds_globals...
      ...successful.
compose simulator input file...
      ...successful.
validating simulator hierarchy...
      ...successful.
running...
To check for output from compilation, elaboration and simulation run, 
right-click on the test name, result name, or any value in the "Results" 
tab of the Outputs section and choose "Output Log" menu option.
INFO (ADE-3071): Simulation completed successfully.
reading simulation data...
      ...successful.
*Info*    Client has finished evaluating ... 


*Info*    Run complete for Point ID (1 1) on testbench [
          KISTA_TEST_AMS:test_ams_inv:2 ].





