*Info*    Exporting services from client ... 

*Info*    Client has finished starting ... 



*Info*    Configuring the session ...

	Library      = KISTA_TEST_AMS
	Cell         = test_soi_inv
	View         = config
	Simulator    = spectre
	State Path   = $AXL_SETUPDB_DIR/test_states
	State Name   = KISTA_TEST_AMS:test_soi_inv:1_none_Interactive.11
	Results DB   = /home/saul/projects/KISTA/KISTA_TEST_AMS/test_soi_inv/adexl/results/data/Interactive.11.rdb
	Results Dir  = /home/saul/simulation/KISTA_TEST_AMS/test_soi_inv/adexl/results/data/Interactive.11/1/KISTA_TEST_AMS:test_soi_inv:1
	Results Loc  = /home/saul/simulation/KISTA_TEST_AMS/test_soi_inv/adexl/results/data
	Project Dir  = /home/saul/simulation
	Setup DB loc = /home/saul/projects/KISTA/KISTA_TEST_AMS/test_soi_inv/adexl
	File Encoding = 0


variable oasisVariableValue redefined
variable persistNewList redefined

*Info*    The auto suspension is disabled.






*Info*    Run start for Point ID (4 1) on testbench [
          KISTA_TEST_AMS:test_soi_inv:1 ].

Resetting statistical vars

*Info*    Setting parameter values ...

Setting temp(T) = 27

*Info*    Netlist Directory =
          /home/saul/simulation/KISTA_TEST_AMS/test_soi_inv/adexl/results/data/Interactive.11/1/KISTA_TEST_AMS:test_soi_inv:1/netlist


*Info*    Data Directory    =
          /home/saul/simulation/KISTA_TEST_AMS/test_soi_inv/adexl/results/data/Interactive.11/1/KISTA_TEST_AMS:test_soi_inv:1


*Info*    Creating Netlist for Point ID (4 1)

generate netlist...
Begin Incremental Netlisting Nov 15 11:50:15 2021
End netlisting Nov 15 11:50:15 2021

Netlisting Statistics:
	Number of components:   49

	Elapsed time:          1.0s (49.00/s)
Errors: 0	Warnings: 0
      ...successful.
compose simulator input file...
      ...successful.

*Info*    Running simulation on testbench [
          KISTA_TEST_AMS:test_soi_inv:1 ] for Point ID (4 1).

Delete psf data in /home/saul/simulation/KISTA_TEST_AMS/test_soi_inv/adexl/results/data/Interactive.11/1/KISTA_TEST_AMS:test_soi_inv:1/psf.
compose simulator input file...
      ...successful.
start simulator if needed...
      ...successful.
simulate...
To view the simulator output, right-click on the test name, result 
name, or any value in the "Results" tab of the Outputs section and 
choose "Output Log" menu option.
INFO (ADE-3071): Simulation completed successfully.
reading simulation data...
      ...successful.
*Info*    Client has finished evaluating ... 


*Info*    Run complete for Point ID (4 1) on testbench [
          KISTA_TEST_AMS:test_soi_inv:1 ].





