\# Program start time:     UTC 2021.12.21 21:41:42.832
\# Local time: CET (UTC+01:00) 2021.12.21 22:41:42.832
\o Program:		@(#)$CDS: virtuoso version 6.1.8-64b 10/08/2019 20:07 (sjfhw316) $
\o Hierarchy:		/pkg/cadence/installs/IC618/tools.lnx86/dfII/
\o Sub version:		sub-version  IC6.1.8-64b.500.7  (64-bit addresses)
\# Command line:	/pkg/cadence/installs/IC618/tools.lnx86/dfII/bin/64bit/virtuoso -noautostart -mpssession virtuoso8594 -mpshost s2424 -davinciService DaVinciService_8594_1640119799 -log /home/saul/projects/KISTA/logs_saul/logs0/Job79.log -licenseLockFileName /home/saul/projects/KISTA/.tmp_saul/.s2424_8594 -interactiveA -interactiveE -interactiveRTT -nostdin -nograph -axlChildIdFlag 79
\# Host name (type):	s2424 (x86_64)
\# Operating system:	Linux 3.10.0-1160.42.2.el7.x86_64 #1 SMP Tue Sep 7 14:49:57 UTC 2021
\# Linux /etc/issue:	\S
\# Linux /etc/issue:	Kernel \r on an \m
\# X display name (WxH):	:95 (1024x868)
\# Available geometry:			TL(0:0) BR(1023:867)
\# X server:			RealVNC Ltd (VNC nograph server, PID 12868)
\# Depth of Visual (Root):	16 (16)
\# Number of Planes Used:	16
\# X version:		11.0 (vendor release 3370)
\# X resource pool:	base 0x800000, mask 0x3fffff (4194303), shift 0
\# 			current id 0x0, current max 0x3ffffa (4194298)
\# Max data seg size:	     unlimited
\# Max process size:	     unlimited
\# Initial sbrk value:	        544 MB
\# Available memory:	     49,606 MB
\# System memory:	     96,361 MB
\# Maximum memory size:	     95,975 MB
\# Max mem available:	     49,763 MB
\# Initial memory used:	        157 MB
\#        process size:	      1,382 MB
\# Thread usage limits (effective/default):	maxthreads 4096/4096 maxload 32.00/32.00
\# Qt version:		5.9.1
\# Window Manager:	other
\# User Name:		saul
\o Working Directory:	s2424:/home/saul/projects/KISTA
\# Process Id:		12871
\o 
\o COPYRIGHT (C) 1992-2019  CADENCE DESIGN SYSTEMS INC.  ALL RIGHTS RESERVED.
\o           (C) 1992-2019  UNIX SYSTEMS Laboratories INC.,
\o                          Reproduced with permission.
\o 
\o This Cadence Design Systems program and online documentation are
\o proprietary/confidential information and may be disclosed/used only
\o as authorized in a license agreement controlling such use and disclosure.
\o 
\o           RESTRICTED RIGHTS NOTICE (SHORT FORM)
\o Use/reproduction/disclosure is subject to restriction
\o set forth at FAR 1252.227-19 or its equivalent.
\o Loading geView.cxt 
\o Loading menuBuilder.cxt 
\o Loading schView.cxt 
\o Loading selectSv.cxt 
\o Loading pvsui.cxt.
\o Loading wireEdit.cxt 
\o Loading pte2.cxt 
\o Loading xlUI.cxt 
\o Loading auCore.cxt 
\o Loading vhdl.cxt 
\o Loading seismic.cxt 
\o Loading ci.cxt 
\o Loading layers.cxt 
\o Loading ams.cxt 
\o Loading oasis.cxt 
\o Loading analog.cxt 
\o Loading asimenv.cxt 
\o Loading dal.cxt 
\o Loading awv.cxt 
\o Loading socket.cxt 
\o Loading par.cxt 
\o Loading alvs.cxt 
\o Loading caa.cxt 
\o Loading amps.cxt 
\o Loading adexlCore.cxt 
\o Loading adexl.cxt 
\o *Info*    Exporting services from client ... 
\o 
\o Loading cli.cxt 
\o Loading cle.cxt 
\o INFO (ELI-00302) Connecting to parent process (session=virtuoso8594, host=s2424). ICRP is turned on. Total timeout is 180 seconds. Connection timeout is 90 seconds.
\o INFO (ELI-00303) Step 1: Connecting to parent. Time spent is 0 seconds.
\o INFO (ELI-00304) The registration of the child 12871 within 90 seconds is being processed...
\o INFO (ELI-00305) The result of registration is true. Time spent is 0 seconds.
\o INFO (ELI-00308) The connection has ended. Result is true. Total time spent is 0 seconds.
\# Memory report: using         335 MB, process size 1,633 MB at UTC 2021.12.21 21:41:45.630
\w *WARNING* The directory: '/home/saul/projects/KISTA/KISTA' does not exist
\w 	but was defined in libFile '/home/saul/projects/KISTA/cds.lib' for Lib 'KISTA'.
\o *Info*    Client has finished starting ... 
\o 
\p > 
\a _treeSetOpcGUI(t)
\r t
\# Available memory:         49,477 MB at UTC 2021.12.21 21:41:53.309
\# Memory report: Maximum memory size now 49,816 MB at UTC 2021.12.21 21:41:53.309
\# Thread usage report: 33 active threads, active load 1.00 at UTC 2021.12.21 21:41:53.310
\o 
\o *Info*    Received signal SIGTERM.
\o 
\o 
\o Loading simui.cxt 
\# Memory report: on exit            344 MB, process size 1,647 MB at UTC 2021.12.21 21:44:02.132
\# Memory report: peak usage         344 MB, process size 1,647 MB
