

  Cadence Quantus Extraction - 64-bit Parasitic Extractor - Version
20.1.2-p025 Thu Sep 3 13:54:09 PDT 2020
--------------------------------------------------------------------------------------------------------------
                                 Copyright 2020 Cadence Design Systems,
Inc.


WARNING (EXTQRCXOPT-381) : The output_db -hierarchy_delimiter option value cannot be an empty string.
It is now set to be the same as that of the input_db -hierarchy_delimiter
option. If input_db -hierarchy_delimiter is not set, then output_db
-hierarchy_delimiter is set to the default value ("/" character).
INFO (LBRCXM-630): Starting extraction: Thu Dec  2 07:02:08 2021


Forking: agdsPrep -V -rundir /home/saul/projects/KISTA/lvs_runs/svdb -agf /home/saul/projects/KISTA/lvs_runs/svdb/DFFX1.agf -outdir /tmp/qrc_4584/DFFX1 -sch -e /home/saul/projects/KISTA/lvs_runs/svdb/DFFX1.gds.map:DFFX1.alm,DFFX1.ilf -pl DFFX1.ports -mcell /tmp/qrc_4584/DFFX1/DFFX1.hcl -d DFFX1.devtab -prefix /tmp/qrc_4584/DFFX1/prefixfile -l /home/saul/projects/KISTA/lvs_runs/svdb/DFFX1.lvsfile -i DFFX1.ixf,DFFX1.lph,DFFX1.sph:DFFX1.gdx -n DFFX1.nxf,DFFX1.stl:DFFX1.gnx -s DFFX1_pin_xy.spi:DFFX1.xcn,hccidtmfile

agdsPrep took  0.02 user, 0.01 sys, 0.00 elapsed, 6728.0 kbytes
Forking:  capgen -techdir /home/saul/projects/KISTA/qrc/typical -inc /tmp/qrc_4584/DFFX1/DFFX1.ilf -lvs /tmp/qrc_4584/DFFX1/DFFX1.xcn -p2lvs /home/saul/projects/KISTA/qrc/typical/qrcTechFile -reseqn -sw3d -p poly_conn,allGate,Oxide -canonical_res_caps -length_units meters -exclude_gate_res -cap_ground_layer psubstrate /tmp/qrc_4584/DFFX1

INFO (LBMISC-215205): 
*** Cadence Quantus Extraction Techgen -trans VERSION 20.1.2 Linux 64 bit - (Thu Sep 3 13:54:09 PDT 2020)  ***


INFO (CAPGEN-41199): 


Techgen -trans results will be written to directory: /tmp/qrc_4584/DFFX1

INFO (CAPGEN-41737): Lvs connect layers metal4_conn are not mapped in layer_setup file

INFO (CAPGEN-41804): Lvs stamped by ndiff_conn layers _soi_nd _soi_nsb are not mapped in layer_setup file

INFO (CAPGEN-41804): Lvs stamped by pdiff_conn layers _soi_pd _soi_psb are not mapped in layer_setup file

WARNING (RCXSPIC-27104): p2lvsfile in tech directory does not have resistance 
 temperature coefficients (TC1, TC2). ?temperature is ignored 

rcxspice took  0.08 user, 0.04 sys, 0.00 elapsed, 6040.0 kbytes
The supplied design data will be treated as a HIERARCHICAL design

Successfully created RCX script '/tmp/qrc_4584/DFFX1/rcx.sh'
WARNING (LBRCXM-617): Unable to obtain 1 license(s) of QTS100 20.10

INFO (LBRCXM-581): Checked out '1' license(s) of QTS300 20.10

INFO (LBRCXM-608): Executing command
   /pkg/cadence/installs/QUANTUS201/tools/extraction/bin/64bit//assura_rcx -V  /tmp/qrc_4584/DFFX1/rcx.sh

INFO (ASSREXT-35013): 


     ***    assura_rcx VERSION 20.1.2 Linux 64 bit - (Thu Sep 3 13:54:09 PDT 2020)    ***


	***************************************************
	*			  			  *
	* Copyright (c) 2021 Cadence Design Systems, Inc. *
	*		All Rights Reserved		  *
	*			  			  *
	*	  THIS IS UNPUBLISHED PROPRIETARY	  *
	*  INFORMATION OF Cadence Design Systems, Inc. 	  *
	*	   THE COPYRIGHT NOTICE DOES NOT	  *
	*	       EVIDENCE PUBLICATION		  *
	*			  			  *
	***************************************************
set -e
set -v
##=======================================================
##ADD_EXPLICIT_VIAS=N
##ADD_BULK_TERMINAL=N
##AGDS_FILE=/dev/null
##AGDS_LAYER_MAP_FILE=/home/saul/projects/KISTA/lvs_runs/svdb/DFFX1.gds.map
##HCCI_DEV_PROP_FILE=/dev/null
##AGDS_SPICE_FILE=/dev/null
##AGDS_TEXT_LAYERS=
##ARRAY_VIAS_SPACING=
##ASSURA_RUN_DIR=.
##ASSURA_RUN_NAME=run1
##BLACK_BOX_CELLS=/dev/null
##BREAK_WIDTH=
##CAP_COUPLING_FACTOR=1.0
##CAP_EXTRACT_MODE=decoupled
##CAP_GROUND=gnd!
##CAP_MODELS=no
##DANGLINGR=N
##DENSITY_CHECK_METHOD=P
##DELETE_OUTPUT_FILE=N
##DEVICE_FINGER_DELIMITER='@'
##DF2=N
##DRACULA_RUN_DIR=
##DRACULA_RUN_NAME=
##ENABLESENSITIVITYEXTRACTION=N
##EXCLUDE_FLOAT_LIMIT=
##EXCLUDE_FLOAT_DECOPULING_FACTOR=
##EXCLUDE_FLOATING_NETS=N
##EXCLUDE_NETS_REDUCERC=/dev/null
##EXCLUDE_SELF_CAPS=N
##IGNORE_GATE_DIFFUSION_FRINGING_CAP=Y
##EXTRACT=res
##EXTRACT_MOS_DIFFUSION_AP=N
##EXTRACT_MOS_DIFFUSION_HIGH=
##EXTRACT_MOS_DIFFUSION_RES=N
##FILTER_SIZE=2.0
##FIXED_NETS_FILE=/dev/null
##FMAX=
##FRACTURE_LENGTH_UNITS=MICRONS
##FREQUENCY_FILE=/dev/null
##GROUND_NETS=
##GROUND_NETS_FILE=/dev/null
##GROUND_SUBSTRATE_FLOATING_NETS=N
##HCCI_DEV_PROP=7
##HCCI_INST_PROP=6
##HCCI_NET_PROP=5
##HCCI_RULE_FILE=
##HCCI_RUN_DIR=/home/saul/projects/KISTA/lvs_runs/svdb
##HCCI_RUN_NAME=DFFX1
##HEADER_FILE=/dev/null
##HIERARCHY_DELIMITER='_'
##OUTPUT_HIERARCHY_DELIMITER='_'
##HRCX_CELLS_FILE=/dev/null
##IMPORT_GLOBALS=Y
##LADDER_NETWORK=N
##LVS_SOURCE=hcci
##M_FACTORR=
##M_FACTORW=N
##MACRO_CELL=N
##MAX_FRACTURE_LENGTH=infinite
##MAX_SIGNALS=
##MERGE_PARALLEL_R=N
##MERGE_PARALLEL_VIA=N
##MINC=
##MINC_BY_PERCENTAGE=
##MINR=0.1
##NET_NAME_SPACE=layout
##NETS_FILE=/dev/null
##NP=1
##OUTPUT=/home/saul/projects/KISTA/DFFX1.sp
##OUTPUT_NET_NAME_SPACE=schematic
##PARASITIC_BLOCKING_DEVICE_CELLS_TYPE=gray
##PARASITIC_CAP_MODELS=no
##PARASITIC_RES_MODELS=comment
##PARASITIC_RES_LENGTH=N
##PARASITIC_RES_WIDTH=N
##PARASITIC_RES_WIDTH_DRAWN=N
##PARASITIC_RES_UNIT=N
##PARTIAL_CAP_BLOCKING=N
##PEEC=N
##PIN_ORDER_FILE=/dev/null
##PIPE_ADVGEN=
##PIPE_SPICE2DB=
##POWER_NETS=
##POWER_NETS_FILE=/dev/null
##RC_FREQUENCY=
##RCXDIR=/tmp/qrc_4584/DFFX1
##RCXFS_HIGH=N
##RCXFS_NETS_FILE=
##RCXFS_TYPE=none
##RCXFS_CUTOFF_DISTANCE=
##RCXFS_CUTOFF_DISTANCE=
##RCXFS_CUTOFF_DISTANCE=
##RCXFS_CUTOFF_DISTANCE=
##RCXFS_CUTOFF_DISTANCE=
##RCXFS_VIA_OFF=N
##REDUCERC=N
##REGION_LIMIT=
##RES_MODELS=no
##RISE_TIME=
##SAVE_FILL_SHAPES=N
##SINGLE_CAP_EDSPF=N
##SHOW_DIODES=N
##SKIN_FREQUENCY=
##SPEF=N
##SPEF_UNITS=
##SPLIT_PINS=N
##FORCE_SUBCELL_PIN_ORDERS=N
##SPLIT_PINS_DISTANCE=
##SUB_NODE_CHAR='#'
##SUBSTRATE_PROFILE=/dev/null
##SUBSTRATE_STAMPING_OFF=N
##TEMPDIR=/tmp/qrc_4584/DFFX1/rcx_temp
##TEMPERATURE=25.0
##TYPE=full
##USER_REGION=/dev/null
##VARIANT_CELL_FILE=/dev/null
##VIA_EFFECT_OFF=N
##VIRTUAL_FILL=
##XREF=/tmp/qrc_4584/DFFX1/DFFX1.gnx,/tmp/qrc_4584/DFFX1/DFFX1.gdx
##XY_COORDINATES=
##=======================================================
CASE_SENSITIVE=TRUE
export CASE_SENSITIVE
QRC_MOS_LW_PRECISION=y
export QRC_MOS_LW_PRECISION
setTempDir /tmp/qrc_4584/DFFX1/rcx_temp
DEVICE_FINGER_DELIMITER=@
HIERARCHY_DELIMITER=_
OUTPUT_HIERARCHY_DELIMITER=_
cd /tmp/qrc_4584/DFFX1
cat <<ENDCAT> caps2dversion
* caps2d version: 10
ENDCAT
cat <<ENDCAT> flattransUnit.info
meters
ENDCAT
QRC=Y
export QRC
#==========================================================#
# Generate RCX input data from annotated GDS2 database
#==========================================================#
agds2rcx -V -H satfile -r /tmp/qrc_4584/DFFX1/DFFX1.xcn -crundir \
	/home/saul/projects/KISTA/lvs_runs/svdb -unit meters -xgl -pl \
	DFFX1.ports -f DFFX1.alm -lnn DFFX1.lnn -pnet 5 -pinst 6 -pdev 7 \
	DFFX1.agf DFFX1_pin_xy.spi
	***************************************************
	*			  			  *
	* Copyright (c) 2021 Cadence Design Systems, Inc. *
	*		All Rights Reserved		  *
	*			  			  *
	*	  THIS IS UNPUBLISHED PROPRIETARY	  *
	*  INFORMATION OF Cadence Design Systems, Inc. 	  *
	*	   THE COPYRIGHT NOTICE DOES NOT	  *
	*	       EVIDENCE PUBLICATION		  *
	*			  			  *
	***************************************************
INFO (AGDSEXT-30016): 
setting dbunit 5e-10 1 5e-10

agds2rcx took 0.03 user, 0.09 sys, 0.00 elapsed, 8052.0 kbytes
Input stage took  0.06 user, 0.11 sys, 0.00 elapsed, 2624.0 kbytes
INFO (ASSREXT-35329): Resistance data preparation stage started at Thu Dec  2 07:02:08 2021

#==========================================================#
# Calculate erosion tables for specified process layers
#==========================================================#
densitymap -V -TC -o metal2_conn.den 150 metal2_0conn

floatfilename = metal2_0conn.flt
densitymap took 0.00 user, 0.00 sys, 0.00 elapsed, 2328.0 kbytes
densitymap -V -TC -o metal1_conn.den 150 metal1_0conn

floatfilename = metal1_0conn.flt
densitymap took 0.00 user, 0.00 sys, 0.00 elapsed, 2328.0 kbytes
#==========================================================#
# Generate power list
#==========================================================#
cat global.net > power_list
/bin/mv -f nwell_0conn nwell_0conn_orig
epick nwell_0conn_orig nwell_0conn
/bin/mv -f psubstrate psubstrate_orig
epick psubstrate_orig psubstrate
#==========================================================#
# Ensure vias do not extend beyond routing
#==========================================================#
geom -V Via1 metal2_0conn metal1_0conn - Via1,111,i,2
geom took  0.00 user, 0.00 sys, 0.00 elapsed, 3320.0 kbytes
geom -V cont_0poly metal1_0conn poly_0conn - cont_0poly,111,i,2
geom took  0.00 user, 0.00 sys, 0.00 elapsed, 3316.0 kbytes
geom -V cont_0pdiff metal1_0conn pdiff_0conn - cont_0pdiff,111,i,2
geom took  0.00 user, 0.00 sys, 0.00 elapsed, 3316.0 kbytes
geom -V cont_0ndiff metal1_0conn ndiff_0conn - cont_0ndiff,111,i,2
geom took  0.00 user, 0.00 sys, 0.00 elapsed, 3316.0 kbytes
geom -V _0soi_0nsb ndiff_0conn - _0soi_0nsb_ndiff_0conn_ovia,11,i,1
geom took  0.00 user, 0.00 sys, 0.00 elapsed, 3320.0 kbytes
geom -V _0soi_0nd ndiff_0conn - _0soi_0nd_ndiff_0conn_ovia,11,i,1
geom took  0.00 user, 0.00 sys, 0.00 elapsed, 3316.0 kbytes
geom -V _0soi_0psb pdiff_0conn - _0soi_0psb_pdiff_0conn_ovia,11,i,1
geom took  0.00 user, 0.00 sys, 0.00 elapsed, 3316.0 kbytes
geom -V _0soi_0pd pdiff_0conn - _0soi_0pd_pdiff_0conn_ovia,11,i,1
geom took  0.00 user, 0.00 sys, 0.00 elapsed, 3320.0 kbytes
/bin/mv -f nwell_0conn_orig nwell_0conn
/bin/mv -f psubstrate_orig psubstrate
#==========================================================#
# Flatten net file, routing, via and device layers
#==========================================================#
beginFlattenInputs
/bin/mv -f NET h_NET
flatnet -V -li -h / h_NET NET
flatnet took 0.00 user, 0.00 sys, 0.00 elapsed, 10560.0 kbytes
netprint -V -N1 power_list:power_list_nums NET
flattenTransistorData _0nmos1v meters
flattub took  0.00 user, 0.00 sys, 0.00 elapsed, 3300.0 kbytes
flatnet took 0.00 user, 0.00 sys, 0.00 elapsed, 10400.0 kbytes
flattenTransistorData _0pmos1v meters
flattub took  0.00 user, 0.00 sys, 0.00 elapsed, 3300.0 kbytes
flatnet took 0.00 user, 0.01 sys, 0.00 elapsed, 10404.0 kbytes
flattenLayers -m Via1 _0soi_0nsb_ndiff_0conn_ovia _0soi_0psb_pdiff_0conn_ovia
flattub took  0.00 user, 0.00 sys, 0.00 elapsed, 3136.0 kbytes
flattenLayers -m cont_0poly _0soi_0nsb _0soi_0psb
flattub took  0.00 user, 0.00 sys, 0.00 elapsed, 3136.0 kbytes
flattenLayers -m cont_0pdiff _0soi_0nd_ndiff_0conn_ovia _0soi_0pd_pdiff_0conn_ovia
flattub took  0.00 user, 0.00 sys, 0.00 elapsed, 3136.0 kbytes
flattenLayers -m cont_0ndiff _0soi_0nd _0soi_0pd
flattub took  0.00 user, 0.00 sys, 0.00 elapsed, 3140.0 kbytes
flattenLayers -m metal2_0conn
flattub took  0.00 user, 0.00 sys, 0.00 elapsed, 3128.0 kbytes
flattenLayers -m metal1_0conn
flattub took  0.00 user, 0.00 sys, 0.00 elapsed, 3136.0 kbytes
flattenLayers -m poly_0conn
flattub took  0.00 user, 0.00 sys, 0.00 elapsed, 3140.0 kbytes
flattenLayers -m ndiff_0conn pdiff_0conn
flattub took  0.00 user, 0.00 sys, 0.00 elapsed, 3132.0 kbytes
flattenLayers -m nwell_0conn psubstrate
flattub took  0.00 user, 0.00 sys, 0.00 elapsed, 3140.0 kbytes
endFlattenInputs
reconnect -float floatlvsnetsfile -lf _0nmos1v,_0pmos1v -probe \
	text_metal1_0conn:metal1_0conn:text_metal1_0conn_fvia
geom _0nmos1v,_0pmos1v - qrcgate,1,i,1
iprint -imerge power_list_nums floatlvsnetsfile power_list_nums2
mv power_list_nums power_list_nums_orig
cp power_list_nums2 power_list_nums 
#==========================================================#
# Segregate interconnect into resistive and non-resistive
#==========================================================#
selectNetsByNumber power_list_nums _0soi_0nd p_r_0soi_0nd np_r_0soi_0nd
epick took  0.00 user, 0.00 sys, 0.00 elapsed, 2064.0 kbytes
selectNetsByNumber power_list_nums _0soi_0nsb p_r_0soi_0nsb np_r_0soi_0nsb
epick took  0.00 user, 0.00 sys, 0.00 elapsed, 2068.0 kbytes
selectNetsByNumber power_list_nums _0soi_0pd p_r_0soi_0pd np_r_0soi_0pd
epick took  0.00 user, 0.00 sys, 0.00 elapsed, 2060.0 kbytes
selectNetsByNumber power_list_nums _0soi_0psb p_r_0soi_0psb np_r_0soi_0psb
epick took  0.00 user, 0.00 sys, 0.00 elapsed, 2068.0 kbytes
selectNetsByNumber power_list_nums metal1_0conn p_rmetal1_0conn np_rmetal1_0conn
epick took  0.00 user, 0.00 sys, 0.00 elapsed, 2068.0 kbytes
selectNetsByNumber power_list_nums metal2_0conn p_rmetal2_0conn np_rmetal2_0conn
epick took  0.00 user, 0.00 sys, 0.00 elapsed, 2068.0 kbytes
selectNetsByNumber power_list_nums ndiff_0conn p_rndiff_0conn np_rndiff_0conn
epick took  0.00 user, 0.00 sys, 0.00 elapsed, 2068.0 kbytes
selectNetsByNumber power_list_nums nwell_0conn p_rnwell_0conn np_rnwell_0conn
epick took  0.00 user, 0.00 sys, 0.00 elapsed, 2068.0 kbytes
selectNetsByNumber power_list_nums pdiff_0conn p_rpdiff_0conn np_rpdiff_0conn
epick took  0.00 user, 0.00 sys, 0.00 elapsed, 2068.0 kbytes
selectNetsByNumber power_list_nums poly_0conn p_rpoly_0conn np_rpoly_0conn
epick took  0.00 user, 0.00 sys, 0.00 elapsed, 2068.0 kbytes
selectNetsByNumber power_list_nums psubstrate p_rpsubstrate np_rpsubstrate
epick took  0.00 user, 0.00 sys, 0.00 elapsed, 2068.0 kbytes
selectNetsByNumber power_list_nums Via1 p_rVia1 np_rVia1
epick took  0.00 user, 0.00 sys, 0.00 elapsed, 2068.0 kbytes
selectNetsByNumber power_list_nums cont_0poly p_rcont_0poly np_rcont_0poly
epick took  0.00 user, 0.00 sys, 0.00 elapsed, 2064.0 kbytes
mv power_list_nums_orig power_list_nums
#==========================================================#
# Create resistor cut regions between resistive
# interconnect levels
#==========================================================#
mergevia -V -tech /home/saul/projects/KISTA/qrc/typical -cnt np_rVia1 rVia1 - \
	np_rmetal2_0conn np_rmetal1_0conn
mergevia took 0.00 user, 0.00 sys, 0.00 elapsed, 10520.0 kbytes
mergevia -V -tech /home/saul/projects/KISTA/qrc/typical -cnt np_rcont_0poly \
	rcont_0poly - np_rmetal1_0conn np_rpoly_0conn
mergevia took 0.00 user, 0.00 sys, 0.00 elapsed, 10516.0 kbytes
#==========================================================#
# Create resistive interconnect LDD terminals
#==========================================================#
createNRMosfetGateTerminal _0nmos1v np_rpoly_0conn _0nmos1v_lgvia
createNRMosfetGateTerminal _0pmos1v np_rpoly_0conn _0pmos1v_lgvia
#==========================================================#
# Assign net numbers to cut regions
#==========================================================#
/bin/mv -f np_rnwell_0conn np_rnwell_0conn.conn_orig
createEmptyLayer np_rnwell_0conn
/bin/mv -f np_rpsubstrate np_rpsubstrate.conn_orig
createEmptyLayer np_rpsubstrate
connect -V -relocate NET np_r_0soi_0nd:np_r_0soi_0nd.conn \
	np_r_0soi_0nsb:np_r_0soi_0nsb.conn np_r_0soi_0pd:np_r_0soi_0pd.conn \
	np_r_0soi_0psb:np_r_0soi_0psb.conn \
	np_rndiff_0conn:np_rndiff_0conn.conn \
	np_rpdiff_0conn:np_rpdiff_0conn.conn \
	np_rnwell_0conn:np_rnwell_0conn.conn \
	np_rpsubstrate:np_rpsubstrate.conn rVia1 rcont_0poly _0nmos1v_lgvia \
	_0pmos1v_lgvia - _0soi_0nd_ndiff_0conn_ovia,1,5 \
	_0soi_0nsb_ndiff_0conn_ovia,2,5 _0soi_0pd_pdiff_0conn_ovia,3,6 \
	_0soi_0psb_pdiff_0conn_ovia,4,6 -
connect took  0.00 user, 0.03 sys, 0.00 elapsed, 270644.0 kbytes
#==========================================================#
# Assign net numbers to resistor vias
#==========================================================#
geom -V cont_0ndiff np_rndiff_0conn.conn - tmp_rcont_0ndiff,11,i,2
geom took  0.00 user, 0.00 sys, 0.00 elapsed, 3056.0 kbytes
mergevia -V -i -tech /home/saul/projects/KISTA/qrc/typical -cnt \
	tmp_rcont_0ndiff rcont_0ndiff - np_rmetal1_0conn np_rndiff_0conn
mergevia took 0.21 user, 0.17 sys, 0.00 elapsed, 10520.0 kbytes
/bin/rm -f tmp_rcont_0ndiff
geom -V cont_0pdiff np_rpdiff_0conn.conn - tmp_rcont_0pdiff,11,i,2
geom took  0.00 user, 0.00 sys, 0.00 elapsed, 3052.0 kbytes
mergevia -V -i -tech /home/saul/projects/KISTA/qrc/typical -cnt \
	tmp_rcont_0pdiff rcont_0pdiff - np_rmetal1_0conn np_rpdiff_0conn
mergevia took 0.17 user, 0.16 sys, 0.00 elapsed, 10520.0 kbytes
/bin/rm -f tmp_rcont_0pdiff
#==========================================================#
# Assign net numbers to nonresistive layers
#==========================================================#
epick -V -reo -e rcont_0ndiff -e rcont_0pdiff np_r_0soi_0nd.conn \
	tmp__0soi_0nd
epick took  0.00 user, 0.00 sys, 0.00 elapsed, 2068.0 kbytes
epick -V -reo -e tmp__0soi_0nd -c np_r_0soi_0nd.conn tmp1__0soi_0nd
epick took  0.00 user, 0.00 sys, 0.00 elapsed, 2068.0 kbytes
geom -V tmp1__0soi_0nd np_r_0soi_0nd - tmp1__0soi_0nd,11,i,2
geom took  0.00 user, 0.00 sys, 0.00 elapsed, 3052.0 kbytes
geom -V tmp__0soi_0nd,tmp1__0soi_0nd - np_r_0soi_0nd,1,i,1
geom took  0.00 user, 0.00 sys, 0.00 elapsed, 3056.0 kbytes
/bin/rm -f tmp__0soi_0nd tmp1__0soi_0nd
epick -V -reo -e rcont_0ndiff -e rcont_0pdiff np_r_0soi_0nsb.conn \
	tmp__0soi_0nsb
epick took  0.00 user, 0.00 sys, 0.00 elapsed, 2068.0 kbytes
epick -V -reo -e tmp__0soi_0nsb -c np_r_0soi_0nsb.conn tmp1__0soi_0nsb
epick took  0.00 user, 0.00 sys, 0.00 elapsed, 2064.0 kbytes
geom -V tmp1__0soi_0nsb np_r_0soi_0nsb - tmp1__0soi_0nsb,11,i,2
geom took  0.00 user, 0.00 sys, 0.00 elapsed, 3056.0 kbytes
geom -V tmp__0soi_0nsb,tmp1__0soi_0nsb - np_r_0soi_0nsb,1,i,1
geom took  0.00 user, 0.00 sys, 0.00 elapsed, 3056.0 kbytes
/bin/rm -f tmp__0soi_0nsb tmp1__0soi_0nsb
epick -V -reo -e rcont_0ndiff -e rcont_0pdiff np_r_0soi_0pd.conn \
	tmp__0soi_0pd
epick took  0.00 user, 0.00 sys, 0.00 elapsed, 2072.0 kbytes
epick -V -reo -e tmp__0soi_0pd -c np_r_0soi_0pd.conn tmp1__0soi_0pd
epick took  0.00 user, 0.00 sys, 0.00 elapsed, 2068.0 kbytes
geom -V tmp1__0soi_0pd np_r_0soi_0pd - tmp1__0soi_0pd,11,i,2
geom took  0.00 user, 0.00 sys, 0.00 elapsed, 3052.0 kbytes
geom -V tmp__0soi_0pd,tmp1__0soi_0pd - np_r_0soi_0pd,1,i,1
geom took  0.00 user, 0.00 sys, 0.00 elapsed, 3056.0 kbytes
/bin/rm -f tmp__0soi_0pd tmp1__0soi_0pd
epick -V -reo -e rcont_0ndiff -e rcont_0pdiff np_r_0soi_0psb.conn \
	tmp__0soi_0psb
epick took  0.00 user, 0.00 sys, 0.00 elapsed, 2072.0 kbytes
epick -V -reo -e tmp__0soi_0psb -c np_r_0soi_0psb.conn tmp1__0soi_0psb
epick took  0.00 user, 0.00 sys, 0.00 elapsed, 2064.0 kbytes
geom -V tmp1__0soi_0psb np_r_0soi_0psb - tmp1__0soi_0psb,11,i,2
geom took  0.00 user, 0.00 sys, 0.00 elapsed, 3056.0 kbytes
geom -V tmp__0soi_0psb,tmp1__0soi_0psb - np_r_0soi_0psb,1,i,1
geom took  0.00 user, 0.00 sys, 0.00 elapsed, 3056.0 kbytes
/bin/rm -f tmp__0soi_0psb tmp1__0soi_0psb
#==========================================================#
# Process text layers
#==========================================================#
flatlabel -V  -tc -F -l flatlabel.info text_metal1_0conn L1T0
INFO (FLTLBL-89003): exec labsort -V L1T0

# 1 np_rpoly_0conn
# 2 np_rmetal1_0conn
# 3 np_rmetal2_0conn
/bin/mv -f np_rnwell_0conn.conn_orig np_rnwell_0conn
/bin/mv -f np_rpsubstrate.conn_orig np_rpsubstrate
#==========================================================#
# Parasitic R extraction with default precision
#==========================================================#
rex -V -m -pd -I# -tech /home/saul/projects/KISTA/qrc/typical -medge \
	np_rnwell_0conn,np_rpsubstrate -map p2elayermapfile -N NET -Ply \
	np_rpoly_0conn -rP res.mod np_rpoly_0conn::poly_conn_cut \
	np_rmetal1_0conn::metal1_conn_cut np_rmetal2_0conn::metal2_conn_cut - \
	rVia1,2,3,t rcont_0ndiff,2,t rcont_0pdiff,2,t rcont_0poly,1,2,t \
	_0nmos1v_lgvia,1,z _0pmos1v_lgvia,1,z - L1T0,2,I
Resistance data preparation stage took  1.00 user, 1.24 sys, 2.00 elapsed, 2708.0 kbytes
INFO (ASSREXT-35330): Resistance data preparation stage completed successfully at Thu Dec  2 07:02:10 2021

INFO (ASSREXT-35331): rex started at Thu Dec  2 07:02:10 2021

rex took  0.05 user, 0.07 sys, 0.00 elapsed, 10788.0 kbytes
R stage took  0.09 user, 0.09 sys, 1.00 elapsed, 2708.0 kbytes
INFO (ASSREXT-35332): rex completed successfully at Thu Dec  2 07:02:11 2021

INFO (ASSREXT-35333): Capacitance data preparation stage started at Thu Dec  2 07:02:11 2021

/bin/cp -f np_rnwell_0conn np_rnwell_0conn.conn
/bin/cp -f np_rpsubstrate np_rpsubstrate.conn
#==========================================================#
# Form resistive via layers
#==========================================================#
stamp -V -i2 np_rmetal2_0conn rVia1 np_rVia1
stamp took  0.16 user, 0.13 sys, 0.00 elapsed, 270872.0 kbytes
geom -V np_rVia1,p_rVia1 - rVia1,1,i,1
geom took  0.00 user, 0.00 sys, 0.00 elapsed, 3056.0 kbytes
stamp -V -i2 np_rmetal1_0conn rcont_0poly np_rcont_0poly
stamp took  0.15 user, 0.12 sys, 0.00 elapsed, 270872.0 kbytes
geom -V np_rcont_0poly,p_rcont_0poly - rcont_0poly,1,i,1
geom took  0.00 user, 0.00 sys, 0.00 elapsed, 3056.0 kbytes
stamp -V -B -i np_rmetal1_0conn cont_0ndiff
stamp took  0.13 user, 0.12 sys, 1.00 elapsed, 270868.0 kbytes
/bin/cp -f cont_0ndiff rcont_0ndiff
stamp -V -B -i np_rmetal1_0conn cont_0pdiff
stamp took  0.13 user, 0.10 sys, 0.00 elapsed, 270868.0 kbytes
/bin/cp -f cont_0pdiff rcont_0pdiff
#==========================================================#
# Combine power non-power
#==========================================================#
/bin/rm -f _0soi_0nd
geom np_r_0soi_0nd,p_r_0soi_0nd - _0soi_0nd,1,i,1
epick -c -f floatlvsnetsfile _0soi_0nd _0soi_0nd
/bin/rm -f _0soi_0nsb
geom np_r_0soi_0nsb,p_r_0soi_0nsb - _0soi_0nsb,1,i,1
epick -c -f floatlvsnetsfile _0soi_0nsb _0soi_0nsb
/bin/rm -f _0soi_0pd
geom np_r_0soi_0pd,p_r_0soi_0pd - _0soi_0pd,1,i,1
epick -c -f floatlvsnetsfile _0soi_0pd _0soi_0pd
/bin/rm -f _0soi_0psb
geom np_r_0soi_0psb,p_r_0soi_0psb - _0soi_0psb,1,i,1
epick -c -f floatlvsnetsfile _0soi_0psb _0soi_0psb
/bin/rm -f poly_0conn
geom np_rpoly_0conn,p_rpoly_0conn - poly_0conn,1,i,1
epick -c -f floatlvsnetsfile poly_0conn poly_0conn
#==========================================================#
# Reconnect LDD devices
#==========================================================#
reconnect -V -n NET -s lwires.res -l _0nmos1v.trans:_0nmos1v.transr _0nmos1v \
	_0soi_0nd,_0soi_0nsb,_0nmos1v_lgvia,_0soi_0nsb -l \
	_0pmos1v.trans:_0pmos1v.transr _0pmos1v \
	_0soi_0pd,_0soi_0psb,_0pmos1v_lgvia,_0soi_0psb
reconnect took 0.00 user, 0.00 sys, 0.00 elapsed, 8136.0 kbytes
changeTransFileNameAP _0nmos1v.trans _0nmos1v.transr
changeTransFileNameAP _0pmos1v.trans _0pmos1v.transr
netprint -max NET > original_maxnetfile
#==========================================================#
# Generate netlister data files
#==========================================================#
#==========================================================#
# Perform RC reduction
#==========================================================#
xreduce -V -mergecap -n NET -tech /home/saul/projects/KISTA/qrc/typical -d1 \
	-decoupled -danglingR -minR 0.1 -rPvia \
	rVia1.res,rcont_0poly.res,rcont_0pdiff.res,rcont_0ndiff.res -rP \
	np_rpoly_0conn.res,np_rmetal1_0conn.res,np_rmetal2_0conn.res,lwires.res \
	L1T0 _0nmos1v.transr _0pmos1v.transr
INFO (XREDUCE-199107): Total number of resistors is 129

INFO (XREDUCE-199109): minR option removed 5 resistors (4%)

INFO (XREDUCE-199113): danglingR option removed 0 resistors

INFO (XREDUCE-199107): Total number of resistors is 124

INFO (XREDUCE-199108): d1 option renamed 13 nets

xreduce took 0.06 user, 0.11 sys, 0.00 elapsed, 7880.0 kbytes
#==========================================================#
# Generate HSPICE file
#==========================================================#
advgen -V -g0 -li -f -n -o HSPICE -TL L1T0 -nxref \
	/tmp/qrc_4584/DFFX1/DFFX1.gnx -dxref /tmp/qrc_4584/DFFX1/DFFX1.gdx \
	-sc caps2dversion -rPm res.mod np_rpoly_0conn.res \
	np_rmetal1_0conn.res np_rmetal2_0conn.res rVia1.res rcont_0poly.res \
	rcont_0pdiff.res rcont_0ndiff.res -rPm lwires.mod lwires.res -ldda \
	lvsmos.mod,_0nmos1v.net _0nmos1v.transr -ldda lvsmos.mod,_0pmos1v.net \
	_0pmos1v.transr - NET - /home/saul/projects/KISTA/DFFX1.sp
INFO (ADVGN-5763): spice2db warning: No reference for dev "MX28_M0" in subckt DFFX1 renamed "MX28_M0_unmatched"

INFO (ADVGN-5763): spice2db warning: No reference for dev "MX27_M0" in subckt DFFX1 renamed "MX27_M0_unmatched"

INFO (ADVGN-5763): spice2db warning: No reference for dev "MX26_M0" in subckt DFFX1 renamed "MX26_M0_unmatched"

INFO (ADVGN-5763): spice2db warning: No reference for dev "MX25_M0" in subckt DFFX1 renamed "MX25_M0_unmatched"

INFO (ADVGN-5763): spice2db warning: No reference for dev "MX24_M0" in subckt DFFX1 renamed "MX24_M0_unmatched"

INFO (ADVGN-5763): spice2db warning: No reference for dev "MX23_M0" in subckt DFFX1 renamed "MX23_M0_unmatched"

INFO (ADVGN-5763): spice2db warning: No reference for dev "MX22_M0" in subckt DFFX1 renamed "MX22_M0_unmatched"

INFO (ADVGN-5763): spice2db warning: No reference for dev "MX21_M0" in subckt DFFX1 renamed "MX21_M0_unmatched"

INFO (ADVGN-5763): spice2db warning: No reference for dev "MX20_M0" in subckt DFFX1 renamed "MX20_M0_unmatched"

INFO (ADVGN-5763): spice2db warning: No reference for dev "MX19_M0" in subckt DFFX1 renamed "MX19_M0_unmatched"

advgen took:  0.00 user, 0.00 sys, 0.00 elapsed, 9092.0 kbytes
Output stage took  0.76 user, 0.81 sys, 1.00 elapsed, 2716.0 kbytes
INFO (ASSREXT-35338): Output stage completed successfully at Thu Dec  2 07:02:12 2021

assura_rcx took:  0.00 user, 0.00 sys, 0.00 elapsed, 2716.0 kbytes
INFO (LBRCXM-610): Extraction finished.

INFO (LBRCXM-582): Checking in license of QTS300 20.10

INFO (LBRCXM-702): Run ended: Thu Dec  2 07:02:12 2021


INFO (LBRCXM-805): Run took: 4s elapsed

INFO (LBRCXM-708): *****  Quantus terminated normally  *****


